[2.655s] DEBUG:colcon:Command line arguments: ['/usr/bin/colcon', 'build', '--cmake-args', '-DPROJECT_BUILD_FLAG=AIV5_ROS', '-DCMAKE_BUILD_TYPE=Release', '-DVIS_ENABLE=OFF', '-DLOAD_LOG_ENABLE=OFF']
[2.655s] DEBUG:colcon:Parsed command line arguments: Namespace(allow_overriding=[], ament_cmake_args=None, base_paths=['.'], build_base='build', catkin_cmake_args=None, catkin_skip_building_tests=False, cmake_args=['-DPROJECT_BUILD_FLAG=AIV5_ROS', '-DCMAKE_BUILD_TYPE=Release', '-DVIS_ENABLE=OFF', '-DLOAD_LOG_ENABLE=OFF'], cmake_clean_cache=False, cmake_clean_first=False, cmake_force_configure=False, cmake_target=None, cmake_target_skip_unavailable=False, continue_on_error=False, event_handlers=None, executor='parallel', ignore_user_meta=False, install_base='install', log_base=None, log_level=None, main=<bound method BuildVerb.main of <colcon_core.verb.build.BuildVerb object at 0x7f7d91d63310>>, merge_install=False, metas=['./colcon.meta'], packages_above=None, packages_above_and_dependencies=None, packages_above_depth=None, packages_end=None, packages_ignore=None, packages_ignore_regex=None, packages_select=None, packages_select_build_failed=False, packages_select_by_dep=None, packages_select_regex=None, packages_select_test_failures=False, packages_skip=None, packages_skip_build_finished=False, packages_skip_by_dep=None, packages_skip_regex=None, packages_skip_test_passed=False, packages_skip_up_to=None, packages_start=None, packages_up_to=None, packages_up_to_regex=None, parallel_workers=16, paths=None, symlink_install=False, test_result_base=None, verb_extension=<colcon_core.verb.build.BuildVerb object at 0x7f7d91d63310>, verb_name='build', verb_parser=<colcon_defaults.argument_parser.defaults.DefaultArgumentsDecorator object at 0x7f7d918fc790>)
[2.769s] Level 1:colcon.colcon_core.package_discovery:discover_packages(colcon_meta) check parameters
[2.769s] Level 1:colcon.colcon_core.package_discovery:discover_packages(recursive) check parameters
[2.769s] Level 1:colcon.colcon_core.package_discovery:discover_packages(ignore) check parameters
[2.769s] Level 1:colcon.colcon_core.package_discovery:discover_packages(path) check parameters
[2.769s] Level 1:colcon.colcon_core.package_discovery:discover_packages(colcon_meta) discover
[2.769s] Level 1:colcon.colcon_core.package_discovery:discover_packages(recursive) discover
[2.769s] INFO:colcon.colcon_core.package_discovery:Crawling recursively for packages in '/home/yang/project/freespace/freespace-fusion'
[2.769s] Level 1:colcon.colcon_core.package_identification:_identify(.) by extensions ['ignore', 'ignore_ament_install']
[2.769s] Level 1:colcon.colcon_core.package_identification:_identify(.) by extension 'ignore'
[2.770s] Level 1:colcon.colcon_core.package_identification:_identify(.) by extension 'ignore_ament_install'
[2.770s] Level 1:colcon.colcon_core.package_identification:_identify(.) by extensions ['colcon_pkg']
[2.770s] Level 1:colcon.colcon_core.package_identification:_identify(.) by extension 'colcon_pkg'
[2.770s] Level 1:colcon.colcon_core.package_identification:_identify(.) by extensions ['colcon_meta']
[2.770s] Level 1:colcon.colcon_core.package_identification:_identify(.) by extension 'colcon_meta'
[2.770s] Level 1:colcon.colcon_core.package_identification:_identify(.) by extensions ['ros']
[2.770s] Level 1:colcon.colcon_core.package_identification:_identify(.) by extension 'ros'
[2.782s] DEBUG:colcon.colcon_core.package_identification:Package '.' with type 'ros.ament_cmake' and name 'uto_per_fs'
[2.782s] Level 1:colcon.colcon_core.package_discovery:discover_packages(recursive) using defaults
[2.782s] Level 1:colcon.colcon_core.package_discovery:discover_packages(ignore) discover
[2.782s] Level 1:colcon.colcon_core.package_discovery:discover_packages(ignore) using defaults
[2.782s] Level 1:colcon.colcon_core.package_discovery:discover_packages(path) discover
[2.782s] Level 1:colcon.colcon_core.package_discovery:discover_packages(path) using defaults
[3.039s] Level 1:colcon.colcon_core.package_discovery:discover_packages(prefix_path) check parameters
[3.040s] Level 1:colcon.colcon_core.package_discovery:discover_packages(prefix_path) discover
[3.086s] WARNING:colcon.colcon_ros.prefix_path.ament:The path '/opt/uto/pilot/rqt_bag_plugins' in the environment variable AMENT_PREFIX_PATH doesn't contain any 'local_setup.*' files.
[3.086s] WARNING:colcon.colcon_ros.prefix_path.ament:The path '/opt/uto/pilot/plotjuggler_ros' in the environment variable AMENT_PREFIX_PATH doesn't contain any 'local_setup.*' files.
[3.086s] WARNING:colcon.colcon_ros.prefix_path.ament:The path '/opt/uto/pilot/rosbag2' in the environment variable AMENT_PREFIX_PATH doesn't contain any 'local_setup.*' files.
[3.086s] WARNING:colcon.colcon_ros.prefix_path.ament:The path '/opt/uto/pilot/rosbag2_compression_zstd' in the environment variable AMENT_PREFIX_PATH doesn't contain any 'local_setup.*' files.
[3.086s] WARNING:colcon.colcon_ros.prefix_path.ament:The path '/opt/uto/pilot/zstd_vendor' in the environment variable AMENT_PREFIX_PATH doesn't contain any 'local_setup.*' files.
[3.086s] WARNING:colcon.colcon_ros.prefix_path.ament:The path '/opt/uto/pilot/rviz_visual_testing_framework' in the environment variable AMENT_PREFIX_PATH doesn't contain any 'local_setup.*' files.
[3.086s] WARNING:colcon.colcon_ros.prefix_path.ament:The path '/opt/uto/pilot/rviz2' in the environment variable AMENT_PREFIX_PATH doesn't contain any 'local_setup.*' files.
[3.086s] WARNING:colcon.colcon_ros.prefix_path.ament:The path '/opt/uto/pilot/rviz_default_plugins' in the environment variable AMENT_PREFIX_PATH doesn't contain any 'local_setup.*' files.
[3.086s] WARNING:colcon.colcon_ros.prefix_path.ament:The path '/opt/uto/pilot/rviz_common' in the environment variable AMENT_PREFIX_PATH doesn't contain any 'local_setup.*' files.
[3.086s] WARNING:colcon.colcon_ros.prefix_path.ament:The path '/opt/uto/pilot/rqt_bag' in the environment variable AMENT_PREFIX_PATH doesn't contain any 'local_setup.*' files.
[3.086s] WARNING:colcon.colcon_ros.prefix_path.ament:The path '/opt/uto/pilot/ros2bag' in the environment variable AMENT_PREFIX_PATH doesn't contain any 'local_setup.*' files.
[3.087s] WARNING:colcon.colcon_ros.prefix_path.ament:The path '/opt/uto/pilot/rosbag2_py' in the environment variable AMENT_PREFIX_PATH doesn't contain any 'local_setup.*' files.
[3.087s] WARNING:colcon.colcon_ros.prefix_path.ament:The path '/opt/uto/pilot/rosbag2_transport' in the environment variable AMENT_PREFIX_PATH doesn't contain any 'local_setup.*' files.
[3.087s] WARNING:colcon.colcon_ros.prefix_path.ament:The path '/opt/uto/pilot/rosbag2_performance_benchmarking' in the environment variable AMENT_PREFIX_PATH doesn't contain any 'local_setup.*' files.
[3.087s] WARNING:colcon.colcon_ros.prefix_path.ament:The path '/opt/uto/pilot/rosbag2_compression' in the environment variable AMENT_PREFIX_PATH doesn't contain any 'local_setup.*' files.
[3.087s] WARNING:colcon.colcon_ros.prefix_path.ament:The path '/opt/uto/pilot/bag_recorder_nodes' in the environment variable AMENT_PREFIX_PATH doesn't contain any 'local_setup.*' files.
[3.087s] WARNING:colcon.colcon_ros.prefix_path.ament:The path '/opt/uto/pilot/rosbag2_cpp' in the environment variable AMENT_PREFIX_PATH doesn't contain any 'local_setup.*' files.
[3.087s] WARNING:colcon.colcon_ros.prefix_path.ament:The path '/opt/uto/pilot/rosbag2_storage_default_plugins' in the environment variable AMENT_PREFIX_PATH doesn't contain any 'local_setup.*' files.
[3.087s] WARNING:colcon.colcon_ros.prefix_path.ament:The path '/opt/uto/pilot/rosbag2_storage' in the environment variable AMENT_PREFIX_PATH doesn't contain any 'local_setup.*' files.
[3.087s] WARNING:colcon.colcon_ros.prefix_path.ament:The path '/opt/uto/pilot/image_common' in the environment variable AMENT_PREFIX_PATH doesn't contain any 'local_setup.*' files.
[3.087s] WARNING:colcon.colcon_ros.prefix_path.ament:The path '/opt/uto/pilot/camera_info_manager' in the environment variable AMENT_PREFIX_PATH doesn't contain any 'local_setup.*' files.
[3.087s] WARNING:colcon.colcon_ros.prefix_path.ament:The path '/opt/uto/pilot/camera_calibration_parsers' in the environment variable AMENT_PREFIX_PATH doesn't contain any 'local_setup.*' files.
[3.087s] WARNING:colcon.colcon_ros.prefix_path.ament:The path '/opt/uto/pilot/yaml_cpp_vendor' in the environment variable AMENT_PREFIX_PATH doesn't contain any 'local_setup.*' files.
[3.087s] WARNING:colcon.colcon_ros.prefix_path.ament:The path '/opt/uto/pilot/interactive_markers' in the environment variable AMENT_PREFIX_PATH doesn't contain any 'local_setup.*' files.
[3.087s] WARNING:colcon.colcon_ros.prefix_path.ament:The path '/opt/uto/pilot/common_interfaces' in the environment variable AMENT_PREFIX_PATH doesn't contain any 'local_setup.*' files.
[3.088s] WARNING:colcon.colcon_ros.prefix_path.ament:The path '/opt/uto/pilot/visualization_msgs' in the environment variable AMENT_PREFIX_PATH doesn't contain any 'local_setup.*' files.
[3.088s] WARNING:colcon.colcon_ros.prefix_path.ament:The path '/opt/uto/pilot/utorosbag2' in the environment variable AMENT_PREFIX_PATH doesn't contain any 'local_setup.*' files.
[3.088s] WARNING:colcon.colcon_ros.prefix_path.ament:The path '/opt/uto/pilot/mifa_proto' in the environment variable AMENT_PREFIX_PATH doesn't contain any 'local_setup.*' files.
[3.088s] WARNING:colcon.colcon_ros.prefix_path.ament:The path '/opt/uto/pilot/uto_common_base' in the environment variable AMENT_PREFIX_PATH doesn't contain any 'local_setup.*' files.
[3.088s] WARNING:colcon.colcon_ros.prefix_path.ament:The path '/opt/uto/pilot/uto_common_proto' in the environment variable AMENT_PREFIX_PATH doesn't contain any 'local_setup.*' files.
[3.088s] WARNING:colcon.colcon_ros.prefix_path.ament:The path '/opt/uto/pilot/uto' in the environment variable AMENT_PREFIX_PATH doesn't contain any 'local_setup.*' files.
[3.088s] WARNING:colcon.colcon_ros.prefix_path.ament:The path '/opt/uto/pilot/uto_common_tools' in the environment variable AMENT_PREFIX_PATH doesn't contain any 'local_setup.*' files.
[3.088s] WARNING:colcon.colcon_ros.prefix_path.ament:The path '/opt/uto/pilot/dummy_robot_bringup' in the environment variable AMENT_PREFIX_PATH doesn't contain any 'local_setup.*' files.
[3.088s] WARNING:colcon.colcon_ros.prefix_path.ament:The path '/opt/uto/pilot/robot_state_publisher' in the environment variable AMENT_PREFIX_PATH doesn't contain any 'local_setup.*' files.
[3.088s] WARNING:colcon.colcon_ros.prefix_path.ament:The path '/opt/uto/pilot/kdl_parser' in the environment variable AMENT_PREFIX_PATH doesn't contain any 'local_setup.*' files.
[3.088s] WARNING:colcon.colcon_ros.prefix_path.ament:The path '/opt/uto/pilot/urdf' in the environment variable AMENT_PREFIX_PATH doesn't contain any 'local_setup.*' files.
[3.088s] WARNING:colcon.colcon_ros.prefix_path.ament:The path '/opt/uto/pilot/urdf_parser_plugin' in the environment variable AMENT_PREFIX_PATH doesn't contain any 'local_setup.*' files.
[3.088s] WARNING:colcon.colcon_ros.prefix_path.ament:The path '/opt/uto/pilot/turtlesim' in the environment variable AMENT_PREFIX_PATH doesn't contain any 'local_setup.*' files.
[3.088s] WARNING:colcon.colcon_ros.prefix_path.ament:The path '/opt/uto/pilot/tracetools_launch' in the environment variable AMENT_PREFIX_PATH doesn't contain any 'local_setup.*' files.
[3.088s] WARNING:colcon.colcon_ros.prefix_path.ament:The path '/opt/uto/pilot/topic_monitor' in the environment variable AMENT_PREFIX_PATH doesn't contain any 'local_setup.*' files.
[3.088s] WARNING:colcon.colcon_ros.prefix_path.ament:The path '/opt/uto/pilot/geometry2' in the environment variable AMENT_PREFIX_PATH doesn't contain any 'local_setup.*' files.
[3.088s] WARNING:colcon.colcon_ros.prefix_path.ament:The path '/opt/uto/pilot/tf2_tools' in the environment variable AMENT_PREFIX_PATH doesn't contain any 'local_setup.*' files.
[3.089s] WARNING:colcon.colcon_ros.prefix_path.ament:The path '/opt/uto/pilot/tf2_sensor_msgs' in the environment variable AMENT_PREFIX_PATH doesn't contain any 'local_setup.*' files.
[3.089s] WARNING:colcon.colcon_ros.prefix_path.ament:The path '/opt/uto/pilot/test_tf2' in the environment variable AMENT_PREFIX_PATH doesn't contain any 'local_setup.*' files.
[3.089s] WARNING:colcon.colcon_ros.prefix_path.ament:The path '/opt/uto/pilot/tf2_kdl' in the environment variable AMENT_PREFIX_PATH doesn't contain any 'local_setup.*' files.
[3.089s] WARNING:colcon.colcon_ros.prefix_path.ament:The path '/opt/uto/pilot/tf2_geometry_msgs' in the environment variable AMENT_PREFIX_PATH doesn't contain any 'local_setup.*' files.
[3.089s] WARNING:colcon.colcon_ros.prefix_path.ament:The path '/opt/uto/pilot/examples_tf2_py' in the environment variable AMENT_PREFIX_PATH doesn't contain any 'local_setup.*' files.
[3.089s] WARNING:colcon.colcon_ros.prefix_path.ament:The path '/opt/uto/pilot/tf2_ros_py' in the environment variable AMENT_PREFIX_PATH doesn't contain any 'local_setup.*' files.
[3.089s] WARNING:colcon.colcon_ros.prefix_path.ament:The path '/opt/uto/pilot/tf2_eigen' in the environment variable AMENT_PREFIX_PATH doesn't contain any 'local_setup.*' files.
[3.089s] WARNING:colcon.colcon_ros.prefix_path.ament:The path '/opt/uto/pilot/tf2_bullet' in the environment variable AMENT_PREFIX_PATH doesn't contain any 'local_setup.*' files.
[3.089s] WARNING:colcon.colcon_ros.prefix_path.ament:The path '/opt/uto/pilot/tf2_ros' in the environment variable AMENT_PREFIX_PATH doesn't contain any 'local_setup.*' files.
[3.089s] WARNING:colcon.colcon_ros.prefix_path.ament:The path '/opt/uto/pilot/tf2_py' in the environment variable AMENT_PREFIX_PATH doesn't contain any 'local_setup.*' files.
[3.089s] WARNING:colcon.colcon_ros.prefix_path.ament:The path '/opt/uto/pilot/tf2_msgs' in the environment variable AMENT_PREFIX_PATH doesn't contain any 'local_setup.*' files.
[3.089s] WARNING:colcon.colcon_ros.prefix_path.ament:The path '/opt/uto/pilot/test_msgs' in the environment variable AMENT_PREFIX_PATH doesn't contain any 'local_setup.*' files.
[3.089s] WARNING:colcon.colcon_ros.prefix_path.ament:The path '/opt/uto/pilot/sros2_cmake' in the environment variable AMENT_PREFIX_PATH doesn't contain any 'local_setup.*' files.
[3.089s] WARNING:colcon.colcon_ros.prefix_path.ament:The path '/opt/uto/pilot/ros2cli_common_extensions' in the environment variable AMENT_PREFIX_PATH doesn't contain any 'local_setup.*' files.
[3.089s] WARNING:colcon.colcon_ros.prefix_path.ament:The path '/opt/uto/pilot/sros2' in the environment variable AMENT_PREFIX_PATH doesn't contain any 'local_setup.*' files.
[3.089s] WARNING:colcon.colcon_ros.prefix_path.ament:The path '/opt/uto/pilot/rqt_topic' in the environment variable AMENT_PREFIX_PATH doesn't contain any 'local_setup.*' files.
[3.090s] WARNING:colcon.colcon_ros.prefix_path.ament:The path '/opt/uto/pilot/rqt_top' in the environment variable AMENT_PREFIX_PATH doesn't contain any 'local_setup.*' files.
[3.090s] WARNING:colcon.colcon_ros.prefix_path.ament:The path '/opt/uto/pilot/rqt_srv' in the environment variable AMENT_PREFIX_PATH doesn't contain any 'local_setup.*' files.
[3.090s] WARNING:colcon.colcon_ros.prefix_path.ament:The path '/opt/uto/pilot/rqt_shell' in the environment variable AMENT_PREFIX_PATH doesn't contain any 'local_setup.*' files.
[3.090s] WARNING:colcon.colcon_ros.prefix_path.ament:The path '/opt/uto/pilot/rqt_service_caller' in the environment variable AMENT_PREFIX_PATH doesn't contain any 'local_setup.*' files.
[3.090s] WARNING:colcon.colcon_ros.prefix_path.ament:The path '/opt/uto/pilot/rqt_reconfigure' in the environment variable AMENT_PREFIX_PATH doesn't contain any 'local_setup.*' files.
[3.090s] WARNING:colcon.colcon_ros.prefix_path.ament:The path '/opt/uto/pilot/rqt_py_console' in the environment variable AMENT_PREFIX_PATH doesn't contain any 'local_setup.*' files.
[3.090s] WARNING:colcon.colcon_ros.prefix_path.ament:The path '/opt/uto/pilot/rqt_publisher' in the environment variable AMENT_PREFIX_PATH doesn't contain any 'local_setup.*' files.
[3.090s] WARNING:colcon.colcon_ros.prefix_path.ament:The path '/opt/uto/pilot/rqt_plot' in the environment variable AMENT_PREFIX_PATH doesn't contain any 'local_setup.*' files.
[3.090s] WARNING:colcon.colcon_ros.prefix_path.ament:The path '/opt/uto/pilot/rqt_action' in the environment variable AMENT_PREFIX_PATH doesn't contain any 'local_setup.*' files.
[3.090s] WARNING:colcon.colcon_ros.prefix_path.ament:The path '/opt/uto/pilot/rqt_msg' in the environment variable AMENT_PREFIX_PATH doesn't contain any 'local_setup.*' files.
[3.090s] WARNING:colcon.colcon_ros.prefix_path.ament:The path '/opt/uto/pilot/rqt_console' in the environment variable AMENT_PREFIX_PATH doesn't contain any 'local_setup.*' files.
[3.090s] WARNING:colcon.colcon_ros.prefix_path.ament:The path '/opt/uto/pilot/rqt' in the environment variable AMENT_PREFIX_PATH doesn't contain any 'local_setup.*' files.
[3.090s] WARNING:colcon.colcon_ros.prefix_path.ament:The path '/opt/uto/pilot/rqt_py_common' in the environment variable AMENT_PREFIX_PATH doesn't contain any 'local_setup.*' files.
[3.090s] WARNING:colcon.colcon_ros.prefix_path.ament:The path '/opt/uto/pilot/rqt_image_view' in the environment variable AMENT_PREFIX_PATH doesn't contain any 'local_setup.*' files.
[3.090s] WARNING:colcon.colcon_ros.prefix_path.ament:The path '/opt/uto/pilot/rqt_graph' in the environment variable AMENT_PREFIX_PATH doesn't contain any 'local_setup.*' files.
[3.090s] WARNING:colcon.colcon_ros.prefix_path.ament:The path '/opt/uto/pilot/rqt_gui_py' in the environment variable AMENT_PREFIX_PATH doesn't contain any 'local_setup.*' files.
[3.090s] WARNING:colcon.colcon_ros.prefix_path.ament:The path '/opt/uto/pilot/rqt_gui' in the environment variable AMENT_PREFIX_PATH doesn't contain any 'local_setup.*' files.
[3.090s] WARNING:colcon.colcon_ros.prefix_path.ament:The path '/opt/uto/pilot/ros_testing' in the environment variable AMENT_PREFIX_PATH doesn't contain any 'local_setup.*' files.
[3.091s] WARNING:colcon.colcon_ros.prefix_path.ament:The path '/opt/uto/pilot/ros2trace' in the environment variable AMENT_PREFIX_PATH doesn't contain any 'local_setup.*' files.
[3.091s] WARNING:colcon.colcon_ros.prefix_path.ament:The path '/opt/uto/pilot/ros2topic' in the environment variable AMENT_PREFIX_PATH doesn't contain any 'local_setup.*' files.
[3.091s] WARNING:colcon.colcon_ros.prefix_path.ament:The path '/opt/uto/pilot/ros2test' in the environment variable AMENT_PREFIX_PATH doesn't contain any 'local_setup.*' files.
[3.091s] WARNING:colcon.colcon_ros.prefix_path.ament:The path '/opt/uto/pilot/ros2component' in the environment variable AMENT_PREFIX_PATH doesn't contain any 'local_setup.*' files.
[3.091s] WARNING:colcon.colcon_ros.prefix_path.ament:The path '/opt/uto/pilot/ros2param' in the environment variable AMENT_PREFIX_PATH doesn't contain any 'local_setup.*' files.
[3.091s] WARNING:colcon.colcon_ros.prefix_path.ament:The path '/opt/uto/pilot/ros2lifecycle' in the environment variable AMENT_PREFIX_PATH doesn't contain any 'local_setup.*' files.
[3.091s] WARNING:colcon.colcon_ros.prefix_path.ament:The path '/opt/uto/pilot/ros2service' in the environment variable AMENT_PREFIX_PATH doesn't contain any 'local_setup.*' files.
[3.091s] WARNING:colcon.colcon_ros.prefix_path.ament:The path '/opt/uto/pilot/ros2run' in the environment variable AMENT_PREFIX_PATH doesn't contain any 'local_setup.*' files.
[3.091s] WARNING:colcon.colcon_ros.prefix_path.ament:The path '/opt/uto/pilot/ros2launch' in the environment variable AMENT_PREFIX_PATH doesn't contain any 'local_setup.*' files.
[3.091s] WARNING:colcon.colcon_ros.prefix_path.ament:The path '/opt/uto/pilot/ros2pkg' in the environment variable AMENT_PREFIX_PATH doesn't contain any 'local_setup.*' files.
[3.091s] WARNING:colcon.colcon_ros.prefix_path.ament:The path '/opt/uto/pilot/ros2node' in the environment variable AMENT_PREFIX_PATH doesn't contain any 'local_setup.*' files.
[3.091s] WARNING:colcon.colcon_ros.prefix_path.ament:The path '/opt/uto/pilot/ros2multicast' in the environment variable AMENT_PREFIX_PATH doesn't contain any 'local_setup.*' files.
[3.091s] WARNING:colcon.colcon_ros.prefix_path.ament:The path '/opt/uto/pilot/ros2interface' in the environment variable AMENT_PREFIX_PATH doesn't contain any 'local_setup.*' files.
[3.091s] WARNING:colcon.colcon_ros.prefix_path.ament:The path '/opt/uto/pilot/ros2doctor' in the environment variable AMENT_PREFIX_PATH doesn't contain any 'local_setup.*' files.
[3.091s] WARNING:colcon.colcon_ros.prefix_path.ament:The path '/opt/uto/pilot/ros2cli_test_interfaces' in the environment variable AMENT_PREFIX_PATH doesn't contain any 'local_setup.*' files.
[3.092s] WARNING:colcon.colcon_ros.prefix_path.ament:The path '/opt/uto/pilot/ros2action' in the environment variable AMENT_PREFIX_PATH doesn't contain any 'local_setup.*' files.
[3.092s] WARNING:colcon.colcon_ros.prefix_path.ament:The path '/opt/uto/pilot/ros2cli' in the environment variable AMENT_PREFIX_PATH doesn't contain any 'local_setup.*' files.
[3.092s] WARNING:colcon.colcon_ros.prefix_path.ament:The path '/opt/uto/pilot/quality_of_service_demo_py' in the environment variable AMENT_PREFIX_PATH doesn't contain any 'local_setup.*' files.
[3.092s] WARNING:colcon.colcon_ros.prefix_path.ament:The path '/opt/uto/pilot/quality_of_service_demo_cpp' in the environment variable AMENT_PREFIX_PATH doesn't contain any 'local_setup.*' files.
[3.092s] WARNING:colcon.colcon_ros.prefix_path.ament:The path '/opt/uto/pilot/launch_testing_ros' in the environment variable AMENT_PREFIX_PATH doesn't contain any 'local_setup.*' files.
[3.092s] WARNING:colcon.colcon_ros.prefix_path.ament:The path '/opt/uto/pilot/demo_nodes_cpp' in the environment variable AMENT_PREFIX_PATH doesn't contain any 'local_setup.*' files.
[3.092s] WARNING:colcon.colcon_ros.prefix_path.ament:The path '/opt/uto/pilot/composition' in the environment variable AMENT_PREFIX_PATH doesn't contain any 'local_setup.*' files.
[3.092s] WARNING:colcon.colcon_ros.prefix_path.ament:The path '/opt/uto/pilot/launch_ros' in the environment variable AMENT_PREFIX_PATH doesn't contain any 'local_setup.*' files.
[3.092s] WARNING:colcon.colcon_ros.prefix_path.ament:The path '/opt/uto/pilot/examples_rclpy_pointcloud_publisher' in the environment variable AMENT_PREFIX_PATH doesn't contain any 'local_setup.*' files.
[3.092s] WARNING:colcon.colcon_ros.prefix_path.ament:The path '/opt/uto/pilot/examples_rclpy_minimal_subscriber' in the environment variable AMENT_PREFIX_PATH doesn't contain any 'local_setup.*' files.
[3.092s] WARNING:colcon.colcon_ros.prefix_path.ament:The path '/opt/uto/pilot/examples_rclpy_minimal_service' in the environment variable AMENT_PREFIX_PATH doesn't contain any 'local_setup.*' files.
[3.092s] WARNING:colcon.colcon_ros.prefix_path.ament:The path '/opt/uto/pilot/examples_rclpy_minimal_publisher' in the environment variable AMENT_PREFIX_PATH doesn't contain any 'local_setup.*' files.
[3.092s] WARNING:colcon.colcon_ros.prefix_path.ament:The path '/opt/uto/pilot/examples_rclpy_minimal_client' in the environment variable AMENT_PREFIX_PATH doesn't contain any 'local_setup.*' files.
[3.093s] WARNING:colcon.colcon_ros.prefix_path.ament:The path '/opt/uto/pilot/examples_rclpy_minimal_action_server' in the environment variable AMENT_PREFIX_PATH doesn't contain any 'local_setup.*' files.
[3.093s] WARNING:colcon.colcon_ros.prefix_path.ament:The path '/opt/uto/pilot/examples_rclpy_minimal_action_client' in the environment variable AMENT_PREFIX_PATH doesn't contain any 'local_setup.*' files.
[3.093s] WARNING:colcon.colcon_ros.prefix_path.ament:The path '/opt/uto/pilot/examples_rclpy_guard_conditions' in the environment variable AMENT_PREFIX_PATH doesn't contain any 'local_setup.*' files.
[3.093s] WARNING:colcon.colcon_ros.prefix_path.ament:The path '/opt/uto/pilot/examples_rclpy_executors' in the environment variable AMENT_PREFIX_PATH doesn't contain any 'local_setup.*' files.
[3.093s] WARNING:colcon.colcon_ros.prefix_path.ament:The path '/opt/uto/pilot/demo_nodes_py' in the environment variable AMENT_PREFIX_PATH doesn't contain any 'local_setup.*' files.
[3.093s] WARNING:colcon.colcon_ros.prefix_path.ament:The path '/opt/uto/pilot/action_tutorials_py' in the environment variable AMENT_PREFIX_PATH doesn't contain any 'local_setup.*' files.
[3.093s] WARNING:colcon.colcon_ros.prefix_path.ament:The path '/opt/uto/pilot/rclpy' in the environment variable AMENT_PREFIX_PATH doesn't contain any 'local_setup.*' files.
[3.093s] WARNING:colcon.colcon_ros.prefix_path.ament:The path '/opt/uto/pilot/examples_rclcpp_minimal_action_server' in the environment variable AMENT_PREFIX_PATH doesn't contain any 'local_setup.*' files.
[3.093s] WARNING:colcon.colcon_ros.prefix_path.ament:The path '/opt/uto/pilot/examples_rclcpp_minimal_action_client' in the environment variable AMENT_PREFIX_PATH doesn't contain any 'local_setup.*' files.
[3.093s] WARNING:colcon.colcon_ros.prefix_path.ament:The path '/opt/uto/pilot/action_tutorials_cpp' in the environment variable AMENT_PREFIX_PATH doesn't contain any 'local_setup.*' files.
[3.093s] WARNING:colcon.colcon_ros.prefix_path.ament:The path '/opt/uto/pilot/rclcpp_action' in the environment variable AMENT_PREFIX_PATH doesn't contain any 'local_setup.*' files.
[3.093s] WARNING:colcon.colcon_ros.prefix_path.ament:The path '/opt/uto/pilot/rcl_action' in the environment variable AMENT_PREFIX_PATH doesn't contain any 'local_setup.*' files.
[3.094s] WARNING:colcon.colcon_ros.prefix_path.ament:The path '/opt/uto/pilot/examples_rclcpp_minimal_service' in the environment variable AMENT_PREFIX_PATH doesn't contain any 'local_setup.*' files.
[3.094s] WARNING:colcon.colcon_ros.prefix_path.ament:The path '/opt/uto/pilot/examples_rclcpp_minimal_client' in the environment variable AMENT_PREFIX_PATH doesn't contain any 'local_setup.*' files.
[3.094s] WARNING:colcon.colcon_ros.prefix_path.ament:The path '/opt/uto/pilot/example_interfaces' in the environment variable AMENT_PREFIX_PATH doesn't contain any 'local_setup.*' files.
[3.094s] WARNING:colcon.colcon_ros.prefix_path.ament:The path '/opt/uto/pilot/action_tutorials_interfaces' in the environment variable AMENT_PREFIX_PATH doesn't contain any 'local_setup.*' files.
[3.094s] WARNING:colcon.colcon_ros.prefix_path.ament:The path '/opt/uto/pilot/action_msgs' in the environment variable AMENT_PREFIX_PATH doesn't contain any 'local_setup.*' files.
[3.094s] WARNING:colcon.colcon_ros.prefix_path.ament:The path '/opt/uto/pilot/unique_identifier_msgs' in the environment variable AMENT_PREFIX_PATH doesn't contain any 'local_setup.*' files.
[3.094s] WARNING:colcon.colcon_ros.prefix_path.ament:The path '/opt/uto/pilot/ament_lint_common' in the environment variable AMENT_PREFIX_PATH doesn't contain any 'local_setup.*' files.
[3.094s] WARNING:colcon.colcon_ros.prefix_path.ament:The path '/opt/uto/pilot/ament_cmake_uncrustify' in the environment variable AMENT_PREFIX_PATH doesn't contain any 'local_setup.*' files.
[3.094s] WARNING:colcon.colcon_ros.prefix_path.ament:The path '/opt/uto/pilot/ament_uncrustify' in the environment variable AMENT_PREFIX_PATH doesn't contain any 'local_setup.*' files.
[3.094s] WARNING:colcon.colcon_ros.prefix_path.ament:The path '/opt/uto/pilot/uncrustify_vendor' in the environment variable AMENT_PREFIX_PATH doesn't contain any 'local_setup.*' files.
[3.094s] WARNING:colcon.colcon_ros.prefix_path.ament:The path '/opt/uto/pilot/trajectory_msgs' in the environment variable AMENT_PREFIX_PATH doesn't contain any 'local_setup.*' files.
[3.094s] WARNING:colcon.colcon_ros.prefix_path.ament:The path '/opt/uto/pilot/tracetools_trace' in the environment variable AMENT_PREFIX_PATH doesn't contain any 'local_setup.*' files.
[3.095s] WARNING:colcon.colcon_ros.prefix_path.ament:The path '/opt/uto/pilot/tracetools_test' in the environment variable AMENT_PREFIX_PATH doesn't contain any 'local_setup.*' files.
[3.095s] WARNING:colcon.colcon_ros.prefix_path.ament:The path '/opt/uto/pilot/tracetools_read' in the environment variable AMENT_PREFIX_PATH doesn't contain any 'local_setup.*' files.
[3.095s] WARNING:colcon.colcon_ros.prefix_path.ament:The path '/opt/uto/pilot/topic_statistics_demo' in the environment variable AMENT_PREFIX_PATH doesn't contain any 'local_setup.*' files.
[3.095s] WARNING:colcon.colcon_ros.prefix_path.ament:The path '/opt/uto/pilot/pendulum_control' in the environment variable AMENT_PREFIX_PATH doesn't contain any 'local_setup.*' files.
[3.095s] WARNING:colcon.colcon_ros.prefix_path.ament:The path '/opt/uto/pilot/tlsf_cpp' in the environment variable AMENT_PREFIX_PATH doesn't contain any 'local_setup.*' files.
[3.095s] WARNING:colcon.colcon_ros.prefix_path.ament:The path '/opt/uto/pilot/rqt_gui_cpp' in the environment variable AMENT_PREFIX_PATH doesn't contain any 'local_setup.*' files.
[3.095s] WARNING:colcon.colcon_ros.prefix_path.ament:The path '/opt/uto/pilot/rosbag2_test_common' in the environment variable AMENT_PREFIX_PATH doesn't contain any 'local_setup.*' files.
[3.095s] WARNING:colcon.colcon_ros.prefix_path.ament:The path '/opt/uto/pilot/ros2lifecycle_test_fixtures' in the environment variable AMENT_PREFIX_PATH doesn't contain any 'local_setup.*' files.
[3.095s] WARNING:colcon.colcon_ros.prefix_path.ament:The path '/opt/uto/pilot/ros1_bridge' in the environment variable AMENT_PREFIX_PATH doesn't contain any 'local_setup.*' files.
[3.095s] WARNING:colcon.colcon_ros.prefix_path.ament:The path '/opt/uto/pilot/lifecycle' in the environment variable AMENT_PREFIX_PATH doesn't contain any 'local_setup.*' files.
[3.095s] WARNING:colcon.colcon_ros.prefix_path.ament:The path '/opt/uto/pilot/rclcpp_lifecycle' in the environment variable AMENT_PREFIX_PATH doesn't contain any 'local_setup.*' files.
[3.095s] WARNING:colcon.colcon_ros.prefix_path.ament:The path '/opt/uto/pilot/logging_demo' in the environment variable AMENT_PREFIX_PATH doesn't contain any 'local_setup.*' files.
[3.096s] WARNING:colcon.colcon_ros.prefix_path.ament:The path '/opt/uto/pilot/image_tools' in the environment variable AMENT_PREFIX_PATH doesn't contain any 'local_setup.*' files.
[3.096s] WARNING:colcon.colcon_ros.prefix_path.ament:The path '/opt/uto/pilot/examples_rclcpp_minimal_composition' in the environment variable AMENT_PREFIX_PATH doesn't contain any 'local_setup.*' files.
[3.096s] WARNING:colcon.colcon_ros.prefix_path.ament:The path '/opt/uto/pilot/demo_nodes_cpp_native' in the environment variable AMENT_PREFIX_PATH doesn't contain any 'local_setup.*' files.
[3.096s] WARNING:colcon.colcon_ros.prefix_path.ament:The path '/opt/uto/pilot/rclcpp_components' in the environment variable AMENT_PREFIX_PATH doesn't contain any 'local_setup.*' files.
[3.096s] WARNING:colcon.colcon_ros.prefix_path.ament:The path '/opt/uto/pilot/laser_geometry' in the environment variable AMENT_PREFIX_PATH doesn't contain any 'local_setup.*' files.
[3.096s] WARNING:colcon.colcon_ros.prefix_path.ament:The path '/opt/uto/pilot/intra_process_demo' in the environment variable AMENT_PREFIX_PATH doesn't contain any 'local_setup.*' files.
[3.096s] WARNING:colcon.colcon_ros.prefix_path.ament:The path '/opt/uto/pilot/image_transport' in the environment variable AMENT_PREFIX_PATH doesn't contain any 'local_setup.*' files.
[3.096s] WARNING:colcon.colcon_ros.prefix_path.ament:The path '/opt/uto/pilot/examples_rclcpp_multithreaded_executor' in the environment variable AMENT_PREFIX_PATH doesn't contain any 'local_setup.*' files.
[3.096s] WARNING:colcon.colcon_ros.prefix_path.ament:The path '/opt/uto/pilot/examples_rclcpp_minimal_timer' in the environment variable AMENT_PREFIX_PATH doesn't contain any 'local_setup.*' files.
[3.096s] WARNING:colcon.colcon_ros.prefix_path.ament:The path '/opt/uto/pilot/examples_rclcpp_minimal_subscriber' in the environment variable AMENT_PREFIX_PATH doesn't contain any 'local_setup.*' files.
[3.096s] WARNING:colcon.colcon_ros.prefix_path.ament:The path '/opt/uto/pilot/examples_rclcpp_minimal_publisher' in the environment variable AMENT_PREFIX_PATH doesn't contain any 'local_setup.*' files.
[3.096s] WARNING:colcon.colcon_ros.prefix_path.ament:The path '/opt/uto/pilot/examples_rclcpp_cbg_executor' in the environment variable AMENT_PREFIX_PATH doesn't contain any 'local_setup.*' files.
[3.096s] WARNING:colcon.colcon_ros.prefix_path.ament:The path '/opt/uto/pilot/dummy_sensors' in the environment variable AMENT_PREFIX_PATH doesn't contain any 'local_setup.*' files.
[3.097s] WARNING:colcon.colcon_ros.prefix_path.ament:The path '/opt/uto/pilot/dummy_map_server' in the environment variable AMENT_PREFIX_PATH doesn't contain any 'local_setup.*' files.
[3.097s] WARNING:colcon.colcon_ros.prefix_path.ament:The path '/opt/uto/pilot/rclcpp' in the environment variable AMENT_PREFIX_PATH doesn't contain any 'local_setup.*' files.
[3.097s] WARNING:colcon.colcon_ros.prefix_path.ament:The path '/opt/uto/pilot/rcl_lifecycle' in the environment variable AMENT_PREFIX_PATH doesn't contain any 'local_setup.*' files.
[3.097s] WARNING:colcon.colcon_ros.prefix_path.ament:The path '/opt/uto/pilot/libstatistics_collector' in the environment variable AMENT_PREFIX_PATH doesn't contain any 'local_setup.*' files.
[3.097s] WARNING:colcon.colcon_ros.prefix_path.ament:The path '/opt/uto/pilot/rcl' in the environment variable AMENT_PREFIX_PATH doesn't contain any 'local_setup.*' files.
[3.097s] WARNING:colcon.colcon_ros.prefix_path.ament:The path '/opt/uto/pilot/tracetools' in the environment variable AMENT_PREFIX_PATH doesn't contain any 'local_setup.*' files.
[3.097s] WARNING:colcon.colcon_ros.prefix_path.ament:The path '/opt/uto/pilot/tlsf' in the environment variable AMENT_PREFIX_PATH doesn't contain any 'local_setup.*' files.
[3.097s] WARNING:colcon.colcon_ros.prefix_path.ament:The path '/opt/uto/pilot/tinyxml_vendor' in the environment variable AMENT_PREFIX_PATH doesn't contain any 'local_setup.*' files.
[3.097s] WARNING:colcon.colcon_ros.prefix_path.ament:The path '/opt/uto/pilot/qt_gui_core' in the environment variable AMENT_PREFIX_PATH doesn't contain any 'local_setup.*' files.
[3.097s] WARNING:colcon.colcon_ros.prefix_path.ament:The path '/opt/uto/pilot/qt_gui_cpp' in the environment variable AMENT_PREFIX_PATH doesn't contain any 'local_setup.*' files.
[3.097s] WARNING:colcon.colcon_ros.prefix_path.ament:The path '/opt/uto/pilot/pluginlib' in the environment variable AMENT_PREFIX_PATH doesn't contain any 'local_setup.*' files.
[3.097s] WARNING:colcon.colcon_ros.prefix_path.ament:The path '/opt/uto/pilot/tinyxml2_vendor' in the environment variable AMENT_PREFIX_PATH doesn't contain any 'local_setup.*' files.
[3.098s] WARNING:colcon.colcon_ros.prefix_path.ament:The path '/opt/uto/pilot/tf2_eigen_kdl' in the environment variable AMENT_PREFIX_PATH doesn't contain any 'local_setup.*' files.
[3.098s] WARNING:colcon.colcon_ros.prefix_path.ament:The path '/opt/uto/pilot/tf2' in the environment variable AMENT_PREFIX_PATH doesn't contain any 'local_setup.*' files.
[3.098s] WARNING:colcon.colcon_ros.prefix_path.ament:The path '/opt/uto/pilot/test_security' in the environment variable AMENT_PREFIX_PATH doesn't contain any 'local_setup.*' files.
[3.098s] WARNING:colcon.colcon_ros.prefix_path.ament:The path '/opt/uto/pilot/test_rmw_implementation' in the environment variable AMENT_PREFIX_PATH doesn't contain any 'local_setup.*' files.
[3.098s] WARNING:colcon.colcon_ros.prefix_path.ament:The path '/opt/uto/pilot/test_rclcpp' in the environment variable AMENT_PREFIX_PATH doesn't contain any 'local_setup.*' files.
[3.098s] WARNING:colcon.colcon_ros.prefix_path.ament:The path '/opt/uto/pilot/test_quality_of_service' in the environment variable AMENT_PREFIX_PATH doesn't contain any 'local_setup.*' files.
[3.098s] WARNING:colcon.colcon_ros.prefix_path.ament:The path '/opt/uto/pilot/test_launch_testing' in the environment variable AMENT_PREFIX_PATH doesn't contain any 'local_setup.*' files.
[3.098s] WARNING:colcon.colcon_ros.prefix_path.ament:The path '/opt/uto/pilot/test_launch_ros' in the environment variable AMENT_PREFIX_PATH doesn't contain any 'local_setup.*' files.
[3.098s] WARNING:colcon.colcon_ros.prefix_path.ament:The path '/opt/uto/pilot/test_interface_files' in the environment variable AMENT_PREFIX_PATH doesn't contain any 'local_setup.*' files.
[3.098s] WARNING:colcon.colcon_ros.prefix_path.ament:The path '/opt/uto/pilot/test_communication' in the environment variable AMENT_PREFIX_PATH doesn't contain any 'local_setup.*' files.
[3.098s] WARNING:colcon.colcon_ros.prefix_path.ament:The path '/opt/uto/pilot/test_cli_remapping' in the environment variable AMENT_PREFIX_PATH doesn't contain any 'local_setup.*' files.
[3.098s] WARNING:colcon.colcon_ros.prefix_path.ament:The path '/opt/uto/pilot/test_cli' in the environment variable AMENT_PREFIX_PATH doesn't contain any 'local_setup.*' files.
[3.099s] WARNING:colcon.colcon_ros.prefix_path.ament:The path '/opt/uto/pilot/qt_gui_app' in the environment variable AMENT_PREFIX_PATH doesn't contain any 'local_setup.*' files.
[3.099s] WARNING:colcon.colcon_ros.prefix_path.ament:The path '/opt/uto/pilot/qt_gui' in the environment variable AMENT_PREFIX_PATH doesn't contain any 'local_setup.*' files.
[3.099s] WARNING:colcon.colcon_ros.prefix_path.ament:The path '/opt/uto/pilot/tango_icons_vendor' in the environment variable AMENT_PREFIX_PATH doesn't contain any 'local_setup.*' files.
[3.099s] WARNING:colcon.colcon_ros.prefix_path.ament:The path '/opt/uto/pilot/stereo_msgs' in the environment variable AMENT_PREFIX_PATH doesn't contain any 'local_setup.*' files.
[3.099s] WARNING:colcon.colcon_ros.prefix_path.ament:The path '/opt/uto/pilot/std_srvs' in the environment variable AMENT_PREFIX_PATH doesn't contain any 'local_setup.*' files.
[3.099s] WARNING:colcon.colcon_ros.prefix_path.ament:The path '/opt/uto/pilot/shape_msgs' in the environment variable AMENT_PREFIX_PATH doesn't contain any 'local_setup.*' files.
[3.099s] WARNING:colcon.colcon_ros.prefix_path.ament:The path '/opt/uto/pilot/sensor_msgs_py' in the environment variable AMENT_PREFIX_PATH doesn't contain any 'local_setup.*' files.
[3.099s] WARNING:colcon.colcon_ros.prefix_path.ament:The path '/opt/uto/pilot/map_msgs' in the environment variable AMENT_PREFIX_PATH doesn't contain any 'local_setup.*' files.
[3.099s] WARNING:colcon.colcon_ros.prefix_path.ament:The path '/opt/uto/pilot/cv_bridge' in the environment variable AMENT_PREFIX_PATH doesn't contain any 'local_setup.*' files.
[3.099s] WARNING:colcon.colcon_ros.prefix_path.ament:The path '/opt/uto/pilot/base_msgs' in the environment variable AMENT_PREFIX_PATH doesn't contain any 'local_setup.*' files.
[3.099s] WARNING:colcon.colcon_ros.prefix_path.ament:The path '/opt/uto/pilot/sensor_msgs' in the environment variable AMENT_PREFIX_PATH doesn't contain any 'local_setup.*' files.
[3.099s] WARNING:colcon.colcon_ros.prefix_path.ament:The path '/opt/uto/pilot/plotjuggler_msgs' in the environment variable AMENT_PREFIX_PATH doesn't contain any 'local_setup.*' files.
[3.099s] WARNING:colcon.colcon_ros.prefix_path.ament:The path '/opt/uto/pilot/nav_msgs' in the environment variable AMENT_PREFIX_PATH doesn't contain any 'local_setup.*' files.
[3.100s] WARNING:colcon.colcon_ros.prefix_path.ament:The path '/opt/uto/pilot/diagnostic_msgs' in the environment variable AMENT_PREFIX_PATH doesn't contain any 'local_setup.*' files.
[3.100s] WARNING:colcon.colcon_ros.prefix_path.ament:The path '/opt/uto/pilot/geometry_msgs' in the environment variable AMENT_PREFIX_PATH doesn't contain any 'local_setup.*' files.
[3.100s] WARNING:colcon.colcon_ros.prefix_path.ament:The path '/opt/uto/pilot/actionlib_msgs' in the environment variable AMENT_PREFIX_PATH doesn't contain any 'local_setup.*' files.
[3.100s] WARNING:colcon.colcon_ros.prefix_path.ament:The path '/opt/uto/pilot/std_msgs' in the environment variable AMENT_PREFIX_PATH doesn't contain any 'local_setup.*' files.
[3.100s] WARNING:colcon.colcon_ros.prefix_path.ament:The path '/opt/uto/pilot/statistics_msgs' in the environment variable AMENT_PREFIX_PATH doesn't contain any 'local_setup.*' files.
[3.100s] WARNING:colcon.colcon_ros.prefix_path.ament:The path '/opt/uto/pilot/sqlite3_vendor' in the environment variable AMENT_PREFIX_PATH doesn't contain any 'local_setup.*' files.
[3.100s] WARNING:colcon.colcon_ros.prefix_path.ament:The path '/opt/uto/pilot/rcl_logging_spdlog' in the environment variable AMENT_PREFIX_PATH doesn't contain any 'local_setup.*' files.
[3.100s] WARNING:colcon.colcon_ros.prefix_path.ament:The path '/opt/uto/pilot/spdlog_vendor' in the environment variable AMENT_PREFIX_PATH doesn't contain any 'local_setup.*' files.
[3.100s] WARNING:colcon.colcon_ros.prefix_path.ament:The path '/opt/uto/pilot/shared_queues_vendor' in the environment variable AMENT_PREFIX_PATH doesn't contain any 'local_setup.*' files.
[3.100s] WARNING:colcon.colcon_ros.prefix_path.ament:The path '/opt/uto/pilot/rviz_rendering_tests' in the environment variable AMENT_PREFIX_PATH doesn't contain any 'local_setup.*' files.
[3.100s] WARNING:colcon.colcon_ros.prefix_path.ament:The path '/opt/uto/pilot/rviz_rendering' in the environment variable AMENT_PREFIX_PATH doesn't contain any 'local_setup.*' files.
[3.100s] WARNING:colcon.colcon_ros.prefix_path.ament:The path '/opt/uto/pilot/rviz_ogre_vendor' in the environment variable AMENT_PREFIX_PATH doesn't contain any 'local_setup.*' files.
[3.101s] WARNING:colcon.colcon_ros.prefix_path.ament:The path '/opt/uto/pilot/rviz_assimp_vendor' in the environment variable AMENT_PREFIX_PATH doesn't contain any 'local_setup.*' files.
[3.101s] WARNING:colcon.colcon_ros.prefix_path.ament:The path '/opt/uto/pilot/rttest' in the environment variable AMENT_PREFIX_PATH doesn't contain any 'local_setup.*' files.
[3.101s] WARNING:colcon.colcon_ros.prefix_path.ament:The path '/opt/uto/pilot/rmw_implementation' in the environment variable AMENT_PREFIX_PATH doesn't contain any 'local_setup.*' files.
[3.101s] WARNING:colcon.colcon_ros.prefix_path.ament:The path '/opt/uto/pilot/rmw_connextddsmicro' in the environment variable AMENT_PREFIX_PATH doesn't contain any 'local_setup.*' files.
[3.101s] WARNING:colcon.colcon_ros.prefix_path.ament:The path '/opt/uto/pilot/rmw_connextdds' in the environment variable AMENT_PREFIX_PATH doesn't contain any 'local_setup.*' files.
[3.101s] WARNING:colcon.colcon_ros.prefix_path.ament:The path '/opt/uto/pilot/rmw_connextdds_common' in the environment variable AMENT_PREFIX_PATH doesn't contain any 'local_setup.*' files.
[3.101s] WARNING:colcon.colcon_ros.prefix_path.ament:The path '/opt/uto/pilot/rti_connext_dds_cmake_module' in the environment variable AMENT_PREFIX_PATH doesn't contain any 'local_setup.*' files.
[3.101s] WARNING:colcon.colcon_ros.prefix_path.ament:The path '/opt/uto/pilot/rosgraph_msgs' in the environment variable AMENT_PREFIX_PATH doesn't contain any 'local_setup.*' files.
[3.101s] WARNING:colcon.colcon_ros.prefix_path.ament:The path '/opt/uto/pilot/rosbag2_interfaces' in the environment variable AMENT_PREFIX_PATH doesn't contain any 'local_setup.*' files.
[3.101s] WARNING:colcon.colcon_ros.prefix_path.ament:The path '/opt/uto/pilot/rmw_fastrtps_dynamic_cpp' in the environment variable AMENT_PREFIX_PATH doesn't contain any 'local_setup.*' files.
[3.101s] WARNING:colcon.colcon_ros.prefix_path.ament:The path '/opt/uto/pilot/rmw_fastrtps_cpp' in the environment variable AMENT_PREFIX_PATH doesn't contain any 'local_setup.*' files.
[3.101s] WARNING:colcon.colcon_ros.prefix_path.ament:The path '/opt/uto/pilot/rmw_fastrtps_shared_cpp' in the environment variable AMENT_PREFIX_PATH doesn't contain any 'local_setup.*' files.
[3.101s] WARNING:colcon.colcon_ros.prefix_path.ament:The path '/opt/uto/pilot/rmw_cyclonedds_cpp' in the environment variable AMENT_PREFIX_PATH doesn't contain any 'local_setup.*' files.
[3.102s] WARNING:colcon.colcon_ros.prefix_path.ament:The path '/opt/uto/pilot/rmw_dds_common' in the environment variable AMENT_PREFIX_PATH doesn't contain any 'local_setup.*' files.
[3.102s] WARNING:colcon.colcon_ros.prefix_path.ament:The path '/opt/uto/pilot/composition_interfaces' in the environment variable AMENT_PREFIX_PATH doesn't contain any 'local_setup.*' files.
[3.102s] WARNING:colcon.colcon_ros.prefix_path.ament:The path '/opt/uto/pilot/rcl_interfaces' in the environment variable AMENT_PREFIX_PATH doesn't contain any 'local_setup.*' files.
[3.102s] WARNING:colcon.colcon_ros.prefix_path.ament:The path '/opt/uto/pilot/pendulum_msgs' in the environment variable AMENT_PREFIX_PATH doesn't contain any 'local_setup.*' files.
[3.102s] WARNING:colcon.colcon_ros.prefix_path.ament:The path '/opt/uto/pilot/lifecycle_msgs' in the environment variable AMENT_PREFIX_PATH doesn't contain any 'local_setup.*' files.
[3.102s] WARNING:colcon.colcon_ros.prefix_path.ament:The path '/opt/uto/pilot/builtin_interfaces' in the environment variable AMENT_PREFIX_PATH doesn't contain any 'local_setup.*' files.
[3.102s] WARNING:colcon.colcon_ros.prefix_path.ament:The path '/opt/uto/pilot/rosidl_default_runtime' in the environment variable AMENT_PREFIX_PATH doesn't contain any 'local_setup.*' files.
[3.102s] WARNING:colcon.colcon_ros.prefix_path.ament:The path '/opt/uto/pilot/rosidl_default_generators' in the environment variable AMENT_PREFIX_PATH doesn't contain any 'local_setup.*' files.
[3.102s] WARNING:colcon.colcon_ros.prefix_path.ament:The path '/opt/uto/pilot/rosidl_generator_py' in the environment variable AMENT_PREFIX_PATH doesn't contain any 'local_setup.*' files.
[3.102s] WARNING:colcon.colcon_ros.prefix_path.ament:The path '/opt/uto/pilot/rpyutils' in the environment variable AMENT_PREFIX_PATH doesn't contain any 'local_setup.*' files.
[3.102s] WARNING:colcon.colcon_ros.prefix_path.ament:The path '/opt/uto/pilot/rosidl_typesupport_cpp' in the environment variable AMENT_PREFIX_PATH doesn't contain any 'local_setup.*' files.
[3.102s] WARNING:colcon.colcon_ros.prefix_path.ament:The path '/opt/uto/pilot/rosidl_typesupport_introspection_cpp' in the environment variable AMENT_PREFIX_PATH doesn't contain any 'local_setup.*' files.
[3.103s] WARNING:colcon.colcon_ros.prefix_path.ament:The path '/opt/uto/pilot/rosidl_typesupport_c' in the environment variable AMENT_PREFIX_PATH doesn't contain any 'local_setup.*' files.
[3.103s] WARNING:colcon.colcon_ros.prefix_path.ament:The path '/opt/uto/pilot/rosidl_typesupport_introspection_c' in the environment variable AMENT_PREFIX_PATH doesn't contain any 'local_setup.*' files.
[3.103s] WARNING:colcon.colcon_ros.prefix_path.ament:The path '/opt/uto/pilot/rosidl_typesupport_fastrtps_c' in the environment variable AMENT_PREFIX_PATH doesn't contain any 'local_setup.*' files.
[3.103s] WARNING:colcon.colcon_ros.prefix_path.ament:The path '/opt/uto/pilot/rosidl_typesupport_fastrtps_cpp' in the environment variable AMENT_PREFIX_PATH doesn't contain any 'local_setup.*' files.
[3.103s] WARNING:colcon.colcon_ros.prefix_path.ament:The path '/opt/uto/pilot/rcl_yaml_param_parser' in the environment variable AMENT_PREFIX_PATH doesn't contain any 'local_setup.*' files.
[3.103s] WARNING:colcon.colcon_ros.prefix_path.ament:The path '/opt/uto/pilot/rmw' in the environment variable AMENT_PREFIX_PATH doesn't contain any 'local_setup.*' files.
[3.103s] WARNING:colcon.colcon_ros.prefix_path.ament:The path '/opt/uto/pilot/rosidl_runtime_c' in the environment variable AMENT_PREFIX_PATH doesn't contain any 'local_setup.*' files.
[3.103s] WARNING:colcon.colcon_ros.prefix_path.ament:The path '/opt/uto/pilot/rosidl_generator_cpp' in the environment variable AMENT_PREFIX_PATH doesn't contain any 'local_setup.*' files.
[3.103s] WARNING:colcon.colcon_ros.prefix_path.ament:The path '/opt/uto/pilot/rosidl_generator_c' in the environment variable AMENT_PREFIX_PATH doesn't contain any 'local_setup.*' files.
[3.103s] WARNING:colcon.colcon_ros.prefix_path.ament:The path '/opt/uto/pilot/rosidl_typesupport_interface' in the environment variable AMENT_PREFIX_PATH doesn't contain any 'local_setup.*' files.
[3.103s] WARNING:colcon.colcon_ros.prefix_path.ament:The path '/opt/uto/pilot/rosidl_runtime_py' in the environment variable AMENT_PREFIX_PATH doesn't contain any 'local_setup.*' files.
[3.104s] WARNING:colcon.colcon_ros.prefix_path.ament:The path '/opt/uto/pilot/rosidl_runtime_cpp' in the environment variable AMENT_PREFIX_PATH doesn't contain any 'local_setup.*' files.
[3.104s] WARNING:colcon.colcon_ros.prefix_path.ament:The path '/opt/uto/pilot/rosidl_generator_dds_idl' in the environment variable AMENT_PREFIX_PATH doesn't contain any 'local_setup.*' files.
[3.104s] WARNING:colcon.colcon_ros.prefix_path.ament:The path '/opt/uto/pilot/rosidl_cmake' in the environment variable AMENT_PREFIX_PATH doesn't contain any 'local_setup.*' files.
[3.104s] WARNING:colcon.colcon_ros.prefix_path.ament:The path '/opt/uto/pilot/rosidl_parser' in the environment variable AMENT_PREFIX_PATH doesn't contain any 'local_setup.*' files.
[3.104s] WARNING:colcon.colcon_ros.prefix_path.ament:The path '/opt/uto/pilot/rosidl_adapter' in the environment variable AMENT_PREFIX_PATH doesn't contain any 'local_setup.*' files.
[3.104s] WARNING:colcon.colcon_ros.prefix_path.ament:The path '/opt/uto/pilot/rosidl_cli' in the environment variable AMENT_PREFIX_PATH doesn't contain any 'local_setup.*' files.
[3.104s] WARNING:colcon.colcon_ros.prefix_path.ament:The path '/opt/uto/pilot/rosbag2_tests' in the environment variable AMENT_PREFIX_PATH doesn't contain any 'local_setup.*' files.
[3.104s] WARNING:colcon.colcon_ros.prefix_path.ament:The path '/opt/uto/pilot/ros_environment' in the environment variable AMENT_PREFIX_PATH doesn't contain any 'local_setup.*' files.
[3.104s] WARNING:colcon.colcon_ros.prefix_path.ament:The path '/opt/uto/pilot/rmw_implementation_cmake' in the environment variable AMENT_PREFIX_PATH doesn't contain any 'local_setup.*' files.
[3.104s] WARNING:colcon.colcon_ros.prefix_path.ament:The path '/opt/uto/pilot/resource_retriever' in the environment variable AMENT_PREFIX_PATH doesn't contain any 'local_setup.*' files.
[3.104s] WARNING:colcon.colcon_ros.prefix_path.ament:The path '/opt/uto/pilot/class_loader' in the environment variable AMENT_PREFIX_PATH doesn't contain any 'local_setup.*' files.
[3.104s] WARNING:colcon.colcon_ros.prefix_path.ament:The path '/opt/uto/pilot/rcpputils' in the environment variable AMENT_PREFIX_PATH doesn't contain any 'local_setup.*' files.
[3.104s] WARNING:colcon.colcon_ros.prefix_path.ament:The path '/opt/uto/pilot/rcl_logging_noop' in the environment variable AMENT_PREFIX_PATH doesn't contain any 'local_setup.*' files.
[3.105s] WARNING:colcon.colcon_ros.prefix_path.ament:The path '/opt/uto/pilot/rcl_logging_log4cxx' in the environment variable AMENT_PREFIX_PATH doesn't contain any 'local_setup.*' files.
[3.105s] WARNING:colcon.colcon_ros.prefix_path.ament:The path '/opt/uto/pilot/rcl_logging_interface' in the environment variable AMENT_PREFIX_PATH doesn't contain any 'local_setup.*' files.
[3.105s] WARNING:colcon.colcon_ros.prefix_path.ament:The path '/opt/uto/pilot/rcutils' in the environment variable AMENT_PREFIX_PATH doesn't contain any 'local_setup.*' files.
[3.105s] WARNING:colcon.colcon_ros.prefix_path.ament:The path '/opt/uto/pilot/qt_gui_py_common' in the environment variable AMENT_PREFIX_PATH doesn't contain any 'local_setup.*' files.
[3.105s] WARNING:colcon.colcon_ros.prefix_path.ament:The path '/opt/uto/pilot/qt_dotgraph' in the environment variable AMENT_PREFIX_PATH doesn't contain any 'local_setup.*' files.
[3.105s] WARNING:colcon.colcon_ros.prefix_path.ament:The path '/opt/uto/pilot/python_qt_binding' in the environment variable AMENT_PREFIX_PATH doesn't contain any 'local_setup.*' files.
[3.105s] WARNING:colcon.colcon_ros.prefix_path.ament:The path '/opt/uto/pilot/launch_testing_ament_cmake' in the environment variable AMENT_PREFIX_PATH doesn't contain any 'local_setup.*' files.
[3.105s] WARNING:colcon.colcon_ros.prefix_path.ament:The path '/opt/uto/pilot/python_cmake_module' in the environment variable AMENT_PREFIX_PATH doesn't contain any 'local_setup.*' files.
[3.105s] WARNING:colcon.colcon_ros.prefix_path.ament:The path '/opt/uto/pilot/pybind11_vendor' in the environment variable AMENT_PREFIX_PATH doesn't contain any 'local_setup.*' files.
[3.105s] WARNING:colcon.colcon_ros.prefix_path.ament:The path '/opt/uto/pilot/plotjuggler' in the environment variable AMENT_PREFIX_PATH doesn't contain any 'local_setup.*' files.
[3.105s] WARNING:colcon.colcon_ros.prefix_path.ament:The path '/opt/uto/pilot/performance_test_fixture' in the environment variable AMENT_PREFIX_PATH doesn't contain any 'local_setup.*' files.
[3.105s] WARNING:colcon.colcon_ros.prefix_path.ament:The path '/opt/uto/pilot/launch_yaml' in the environment variable AMENT_PREFIX_PATH doesn't contain any 'local_setup.*' files.
[3.105s] WARNING:colcon.colcon_ros.prefix_path.ament:The path '/opt/uto/pilot/launch_xml' in the environment variable AMENT_PREFIX_PATH doesn't contain any 'local_setup.*' files.
[3.106s] WARNING:colcon.colcon_ros.prefix_path.ament:The path '/opt/uto/pilot/launch_testing' in the environment variable AMENT_PREFIX_PATH doesn't contain any 'local_setup.*' files.
[3.106s] WARNING:colcon.colcon_ros.prefix_path.ament:The path '/opt/uto/pilot/launch' in the environment variable AMENT_PREFIX_PATH doesn't contain any 'local_setup.*' files.
[3.106s] WARNING:colcon.colcon_ros.prefix_path.ament:The path '/opt/uto/pilot/osrf_pycommon' in the environment variable AMENT_PREFIX_PATH doesn't contain any 'local_setup.*' files.
[3.106s] WARNING:colcon.colcon_ros.prefix_path.ament:The path '/opt/uto/pilot/mimick_vendor' in the environment variable AMENT_PREFIX_PATH doesn't contain any 'local_setup.*' files.
[3.106s] WARNING:colcon.colcon_ros.prefix_path.ament:The path '/opt/uto/pilot/message_filters' in the environment variable AMENT_PREFIX_PATH doesn't contain any 'local_setup.*' files.
[3.106s] WARNING:colcon.colcon_ros.prefix_path.ament:The path '/opt/uto/pilot/libyaml_vendor' in the environment variable AMENT_PREFIX_PATH doesn't contain any 'local_setup.*' files.
[3.106s] WARNING:colcon.colcon_ros.prefix_path.ament:The path '/opt/uto/pilot/libcurl_vendor' in the environment variable AMENT_PREFIX_PATH doesn't contain any 'local_setup.*' files.
[3.106s] WARNING:colcon.colcon_ros.prefix_path.ament:The path '/opt/uto/pilot/ament_cmake_ros' in the environment variable AMENT_PREFIX_PATH doesn't contain any 'local_setup.*' files.
[3.106s] WARNING:colcon.colcon_ros.prefix_path.ament:The path '/opt/uto/pilot/ament_cmake_gmock' in the environment variable AMENT_PREFIX_PATH doesn't contain any 'local_setup.*' files.
[3.106s] WARNING:colcon.colcon_ros.prefix_path.ament:The path '/opt/uto/pilot/ament_cmake_gtest' in the environment variable AMENT_PREFIX_PATH doesn't contain any 'local_setup.*' files.
[3.106s] WARNING:colcon.colcon_ros.prefix_path.ament:The path '/opt/uto/pilot/ament_cmake_google_benchmark' in the environment variable AMENT_PREFIX_PATH doesn't contain any 'local_setup.*' files.
[3.106s] WARNING:colcon.colcon_ros.prefix_path.ament:The path '/opt/uto/pilot/fastrtps_cmake_module' in the environment variable AMENT_PREFIX_PATH doesn't contain any 'local_setup.*' files.
[3.107s] WARNING:colcon.colcon_ros.prefix_path.ament:The path '/opt/uto/pilot/eigen3_cmake_module' in the environment variable AMENT_PREFIX_PATH doesn't contain any 'local_setup.*' files.
[3.107s] WARNING:colcon.colcon_ros.prefix_path.ament:The path '/opt/uto/pilot/domain_coordinator' in the environment variable AMENT_PREFIX_PATH doesn't contain any 'local_setup.*' files.
[3.107s] WARNING:colcon.colcon_ros.prefix_path.ament:The path '/opt/uto/pilot/console_bridge_vendor' in the environment variable AMENT_PREFIX_PATH doesn't contain any 'local_setup.*' files.
[3.107s] WARNING:colcon.colcon_ros.prefix_path.ament:The path '/opt/uto/pilot/ament_cmake_xmllint' in the environment variable AMENT_PREFIX_PATH doesn't contain any 'local_setup.*' files.
[3.107s] WARNING:colcon.colcon_ros.prefix_path.ament:The path '/opt/uto/pilot/ament_xmllint' in the environment variable AMENT_PREFIX_PATH doesn't contain any 'local_setup.*' files.
[3.107s] WARNING:colcon.colcon_ros.prefix_path.ament:The path '/opt/uto/pilot/ament_cmake_pyflakes' in the environment variable AMENT_PREFIX_PATH doesn't contain any 'local_setup.*' files.
[3.107s] WARNING:colcon.colcon_ros.prefix_path.ament:The path '/opt/uto/pilot/ament_pyflakes' in the environment variable AMENT_PREFIX_PATH doesn't contain any 'local_setup.*' files.
[3.107s] WARNING:colcon.colcon_ros.prefix_path.ament:The path '/opt/uto/pilot/ament_cmake_pycodestyle' in the environment variable AMENT_PREFIX_PATH doesn't contain any 'local_setup.*' files.
[3.107s] WARNING:colcon.colcon_ros.prefix_path.ament:The path '/opt/uto/pilot/ament_pycodestyle' in the environment variable AMENT_PREFIX_PATH doesn't contain any 'local_setup.*' files.
[3.107s] WARNING:colcon.colcon_ros.prefix_path.ament:The path '/opt/uto/pilot/ament_cmake_pep257' in the environment variable AMENT_PREFIX_PATH doesn't contain any 'local_setup.*' files.
[3.107s] WARNING:colcon.colcon_ros.prefix_path.ament:The path '/opt/uto/pilot/ament_pep257' in the environment variable AMENT_PREFIX_PATH doesn't contain any 'local_setup.*' files.
[3.107s] WARNING:colcon.colcon_ros.prefix_path.ament:The path '/opt/uto/pilot/ament_cmake_pclint' in the environment variable AMENT_PREFIX_PATH doesn't contain any 'local_setup.*' files.
[3.107s] WARNING:colcon.colcon_ros.prefix_path.ament:The path '/opt/uto/pilot/ament_pclint' in the environment variable AMENT_PREFIX_PATH doesn't contain any 'local_setup.*' files.
[3.108s] WARNING:colcon.colcon_ros.prefix_path.ament:The path '/opt/uto/pilot/ament_lint_auto' in the environment variable AMENT_PREFIX_PATH doesn't contain any 'local_setup.*' files.
[3.108s] WARNING:colcon.colcon_ros.prefix_path.ament:The path '/opt/uto/pilot/ament_cmake_auto' in the environment variable AMENT_PREFIX_PATH doesn't contain any 'local_setup.*' files.
[3.108s] WARNING:colcon.colcon_ros.prefix_path.ament:The path '/opt/uto/pilot/ament_cmake' in the environment variable AMENT_PREFIX_PATH doesn't contain any 'local_setup.*' files.
[3.108s] WARNING:colcon.colcon_ros.prefix_path.ament:The path '/opt/uto/pilot/ament_cmake_version' in the environment variable AMENT_PREFIX_PATH doesn't contain any 'local_setup.*' files.
[3.108s] WARNING:colcon.colcon_ros.prefix_path.ament:The path '/opt/uto/pilot/ament_cmake_pytest' in the environment variable AMENT_PREFIX_PATH doesn't contain any 'local_setup.*' files.
[3.108s] WARNING:colcon.colcon_ros.prefix_path.ament:The path '/opt/uto/pilot/ament_cmake_nose' in the environment variable AMENT_PREFIX_PATH doesn't contain any 'local_setup.*' files.
[3.108s] WARNING:colcon.colcon_ros.prefix_path.ament:The path '/opt/uto/pilot/ament_cmake_mypy' in the environment variable AMENT_PREFIX_PATH doesn't contain any 'local_setup.*' files.
[3.108s] WARNING:colcon.colcon_ros.prefix_path.ament:The path '/opt/uto/pilot/ament_cmake_lint_cmake' in the environment variable AMENT_PREFIX_PATH doesn't contain any 'local_setup.*' files.
[3.108s] WARNING:colcon.colcon_ros.prefix_path.ament:The path '/opt/uto/pilot/ament_cmake_flake8' in the environment variable AMENT_PREFIX_PATH doesn't contain any 'local_setup.*' files.
[3.108s] WARNING:colcon.colcon_ros.prefix_path.ament:The path '/opt/uto/pilot/ament_cmake_cpplint' in the environment variable AMENT_PREFIX_PATH doesn't contain any 'local_setup.*' files.
[3.108s] WARNING:colcon.colcon_ros.prefix_path.ament:The path '/opt/uto/pilot/ament_cmake_cppcheck' in the environment variable AMENT_PREFIX_PATH doesn't contain any 'local_setup.*' files.
[3.108s] WARNING:colcon.colcon_ros.prefix_path.ament:The path '/opt/uto/pilot/ament_cmake_copyright' in the environment variable AMENT_PREFIX_PATH doesn't contain any 'local_setup.*' files.
[3.108s] WARNING:colcon.colcon_ros.prefix_path.ament:The path '/opt/uto/pilot/ament_cmake_clang_tidy' in the environment variable AMENT_PREFIX_PATH doesn't contain any 'local_setup.*' files.
[3.109s] WARNING:colcon.colcon_ros.prefix_path.ament:The path '/opt/uto/pilot/ament_cmake_clang_format' in the environment variable AMENT_PREFIX_PATH doesn't contain any 'local_setup.*' files.
[3.109s] WARNING:colcon.colcon_ros.prefix_path.ament:The path '/opt/uto/pilot/ament_cmake_test' in the environment variable AMENT_PREFIX_PATH doesn't contain any 'local_setup.*' files.
[3.109s] WARNING:colcon.colcon_ros.prefix_path.ament:The path '/opt/uto/pilot/ament_cmake_target_dependencies' in the environment variable AMENT_PREFIX_PATH doesn't contain any 'local_setup.*' files.
[3.109s] WARNING:colcon.colcon_ros.prefix_path.ament:The path '/opt/uto/pilot/ament_cmake_python' in the environment variable AMENT_PREFIX_PATH doesn't contain any 'local_setup.*' files.
[3.109s] WARNING:colcon.colcon_ros.prefix_path.ament:The path '/opt/uto/pilot/ament_cmake_export_dependencies' in the environment variable AMENT_PREFIX_PATH doesn't contain any 'local_setup.*' files.
[3.109s] WARNING:colcon.colcon_ros.prefix_path.ament:The path '/opt/uto/pilot/ament_cmake_libraries' in the environment variable AMENT_PREFIX_PATH doesn't contain any 'local_setup.*' files.
[3.109s] WARNING:colcon.colcon_ros.prefix_path.ament:The path '/opt/uto/pilot/ament_cmake_include_directories' in the environment variable AMENT_PREFIX_PATH doesn't contain any 'local_setup.*' files.
[3.109s] WARNING:colcon.colcon_ros.prefix_path.ament:The path '/opt/uto/pilot/ament_cmake_export_targets' in the environment variable AMENT_PREFIX_PATH doesn't contain any 'local_setup.*' files.
[3.109s] WARNING:colcon.colcon_ros.prefix_path.ament:The path '/opt/uto/pilot/ament_cmake_export_link_flags' in the environment variable AMENT_PREFIX_PATH doesn't contain any 'local_setup.*' files.
[3.109s] WARNING:colcon.colcon_ros.prefix_path.ament:The path '/opt/uto/pilot/ament_cmake_export_interfaces' in the environment variable AMENT_PREFIX_PATH doesn't contain any 'local_setup.*' files.
[3.109s] WARNING:colcon.colcon_ros.prefix_path.ament:The path '/opt/uto/pilot/ament_cmake_export_libraries' in the environment variable AMENT_PREFIX_PATH doesn't contain any 'local_setup.*' files.
[3.109s] WARNING:colcon.colcon_ros.prefix_path.ament:The path '/opt/uto/pilot/ament_cmake_export_include_directories' in the environment variable AMENT_PREFIX_PATH doesn't contain any 'local_setup.*' files.
[3.109s] WARNING:colcon.colcon_ros.prefix_path.ament:The path '/opt/uto/pilot/ament_cmake_export_definitions' in the environment variable AMENT_PREFIX_PATH doesn't contain any 'local_setup.*' files.
[3.110s] WARNING:colcon.colcon_ros.prefix_path.ament:The path '/opt/uto/pilot/ament_cmake_core' in the environment variable AMENT_PREFIX_PATH doesn't contain any 'local_setup.*' files.
[3.110s] WARNING:colcon.colcon_ros.prefix_path.ament:The path '/opt/uto/pilot/ament_package' in the environment variable AMENT_PREFIX_PATH doesn't contain any 'local_setup.*' files.
[3.110s] WARNING:colcon.colcon_ros.prefix_path.ament:The path '/opt/uto/pilot/ament_mypy' in the environment variable AMENT_PREFIX_PATH doesn't contain any 'local_setup.*' files.
[3.110s] WARNING:colcon.colcon_ros.prefix_path.ament:The path '/opt/uto/pilot/ament_lint_cmake' in the environment variable AMENT_PREFIX_PATH doesn't contain any 'local_setup.*' files.
[3.110s] WARNING:colcon.colcon_ros.prefix_path.ament:The path '/opt/uto/pilot/ament_flake8' in the environment variable AMENT_PREFIX_PATH doesn't contain any 'local_setup.*' files.
[3.110s] WARNING:colcon.colcon_ros.prefix_path.ament:The path '/opt/uto/pilot/ament_copyright' in the environment variable AMENT_PREFIX_PATH doesn't contain any 'local_setup.*' files.
[3.110s] WARNING:colcon.colcon_ros.prefix_path.ament:The path '/opt/uto/pilot/ament_lint' in the environment variable AMENT_PREFIX_PATH doesn't contain any 'local_setup.*' files.
[3.110s] WARNING:colcon.colcon_ros.prefix_path.ament:The path '/opt/uto/pilot/ament_index_python' in the environment variable AMENT_PREFIX_PATH doesn't contain any 'local_setup.*' files.
[3.110s] WARNING:colcon.colcon_ros.prefix_path.ament:The path '/opt/uto/pilot/ament_index_cpp' in the environment variable AMENT_PREFIX_PATH doesn't contain any 'local_setup.*' files.
[3.110s] WARNING:colcon.colcon_ros.prefix_path.ament:The path '/opt/uto/pilot/ament_cpplint' in the environment variable AMENT_PREFIX_PATH doesn't contain any 'local_setup.*' files.
[3.110s] WARNING:colcon.colcon_ros.prefix_path.ament:The path '/opt/uto/pilot/ament_cppcheck' in the environment variable AMENT_PREFIX_PATH doesn't contain any 'local_setup.*' files.
[3.110s] WARNING:colcon.colcon_ros.prefix_path.ament:The path '/opt/uto/pilot/ament_clang_tidy' in the environment variable AMENT_PREFIX_PATH doesn't contain any 'local_setup.*' files.
[3.110s] WARNING:colcon.colcon_ros.prefix_path.ament:The path '/opt/uto/pilot/ament_clang_format' in the environment variable AMENT_PREFIX_PATH doesn't contain any 'local_setup.*' files.
[3.163s] DEBUG:colcon.colcon_installed_package_information.package_discovery:Found 1 installed packages in /home/yang/project/freespace/freespace-fusion/install
[3.209s] DEBUG:colcon.colcon_installed_package_information.package_discovery:Found 3 installed packages in /home/yang/ros2ws_new/install
[3.302s] DEBUG:colcon.colcon_installed_package_information.package_discovery:Found 287 installed packages in /opt/ros/galactic
[3.304s] Level 1:colcon.colcon_core.package_discovery:discover_packages(prefix_path) using defaults
[3.461s] Level 5:colcon.colcon_core.verb:set package 'uto_per_fs' build argument 'cmake_args' from command line to '['-DPROJECT_BUILD_FLAG=AIV5_ROS', '-DCMAKE_BUILD_TYPE=Release', '-DVIS_ENABLE=OFF', '-DLOAD_LOG_ENABLE=OFF']'
[3.462s] Level 5:colcon.colcon_core.verb:set package 'uto_per_fs' build argument 'cmake_target' from command line to 'None'
[3.462s] Level 5:colcon.colcon_core.verb:set package 'uto_per_fs' build argument 'cmake_target_skip_unavailable' from command line to 'False'
[3.462s] Level 5:colcon.colcon_core.verb:set package 'uto_per_fs' build argument 'cmake_clean_cache' from command line to 'False'
[3.462s] Level 5:colcon.colcon_core.verb:set package 'uto_per_fs' build argument 'cmake_clean_first' from command line to 'False'
[3.462s] Level 5:colcon.colcon_core.verb:set package 'uto_per_fs' build argument 'cmake_force_configure' from command line to 'False'
[3.462s] Level 5:colcon.colcon_core.verb:set package 'uto_per_fs' build argument 'ament_cmake_args' from command line to 'None'
[3.462s] Level 5:colcon.colcon_core.verb:set package 'uto_per_fs' build argument 'catkin_cmake_args' from command line to 'None'
[3.462s] Level 5:colcon.colcon_core.verb:set package 'uto_per_fs' build argument 'catkin_skip_building_tests' from command line to 'False'
[3.462s] DEBUG:colcon.colcon_core.verb:Building package 'uto_per_fs' with the following arguments: {'ament_cmake_args': None, 'build_base': '/home/yang/project/freespace/freespace-fusion/build/uto_per_fs', 'catkin_cmake_args': None, 'catkin_skip_building_tests': False, 'cmake_args': ['-DPROJECT_BUILD_FLAG=AIV5_ROS', '-DCMAKE_BUILD_TYPE=Release', '-DVIS_ENABLE=OFF', '-DLOAD_LOG_ENABLE=OFF'], 'cmake_clean_cache': False, 'cmake_clean_first': False, 'cmake_force_configure': False, 'cmake_target': None, 'cmake_target_skip_unavailable': False, 'install_base': '/home/yang/project/freespace/freespace-fusion/install/uto_per_fs', 'merge_install': False, 'path': '/home/yang/project/freespace/freespace-fusion', 'symlink_install': False, 'test_result_base': None}
[3.506s] INFO:colcon.colcon_core.executor:Executing jobs using 'parallel' executor
[3.551s] DEBUG:colcon.colcon_parallel_executor.executor.parallel:run_until_complete
[3.552s] INFO:colcon.colcon_ros.task.ament_cmake.build:Building ROS package in '/home/yang/project/freespace/freespace-fusion' with build type 'ament_cmake'
[3.552s] INFO:colcon.colcon_cmake.task.cmake.build:Building CMake package in '/home/yang/project/freespace/freespace-fusion'
[3.602s] INFO:colcon.colcon_core.plugin_system:Skipping extension 'colcon_core.shell.bat': Not used on non-Windows systems
[3.602s] INFO:colcon.colcon_core.shell:Skip shell extension 'powershell' for command environment: Not usable outside of PowerShell
[3.602s] DEBUG:colcon.colcon_core.shell:Skip shell extension 'dsv' for command environment
[3.792s] DEBUG:colcon.colcon_core.shell:Ignoring prefix path '/opt/uto/pilot'
[3.884s] DEBUG:colcon.colcon_core.event_handler.log_command:Invoking command in '/home/yang/project/freespace/freespace-fusion/build/uto_per_fs': CMAKE_PREFIX_PATH=${CMAKE_PREFIX_PATH}:/opt/uto/pilot/rqt_bag_plugins:/opt/uto/pilot/rqt_bag:/opt/uto/pilot/ros2bag:/opt/uto/pilot/tracetools_launch:/opt/uto/pilot/topic_monitor:/opt/uto/pilot/tf2_tools:/opt/uto/pilot/examples_tf2_py:/opt/uto/pilot/tf2_ros_py:/opt/uto/pilot/sros2:/opt/uto/pilot/rqt_topic:/opt/uto/pilot/rqt_top:/opt/uto/pilot/rqt_srv:/opt/uto/pilot/rqt_shell:/opt/uto/pilot/rqt_service_caller:/opt/uto/pilot/rqt_reconfigure:/opt/uto/pilot/rqt_py_console:/opt/uto/pilot/rqt_publisher:/opt/uto/pilot/rqt_plot:/opt/uto/pilot/rqt_action:/opt/uto/pilot/rqt_msg:/opt/uto/pilot/rqt_console:/opt/uto/pilot/rqt:/opt/uto/pilot/rqt_graph:/opt/uto/pilot/rqt_gui_py:/opt/uto/pilot/rqt_gui:/opt/uto/pilot/ros2trace:/opt/uto/pilot/ros2topic:/opt/uto/pilot/ros2test:/opt/uto/pilot/ros2component:/opt/uto/pilot/ros2param:/opt/uto/pilot/ros2lifecycle:/opt/uto/pilot/ros2service:/opt/uto/pilot/ros2run:/opt/uto/pilot/ros2launch:/opt/uto/pilot/ros2pkg:/opt/uto/pilot/ros2node:/opt/uto/pilot/ros2multicast:/opt/uto/pilot/ros2interface:/opt/uto/pilot/ros2doctor:/opt/uto/pilot/ros2action:/opt/uto/pilot/ros2cli:/opt/uto/pilot/quality_of_service_demo_py:/opt/uto/pilot/launch_testing_ros:/opt/uto/pilot/launch_ros:/opt/uto/pilot/examples_rclpy_pointcloud_publisher:/opt/uto/pilot/examples_rclpy_minimal_subscriber:/opt/uto/pilot/examples_rclpy_minimal_service:/opt/uto/pilot/examples_rclpy_minimal_publisher:/opt/uto/pilot/examples_rclpy_minimal_client:/opt/uto/pilot/examples_rclpy_minimal_action_server:/opt/uto/pilot/examples_rclpy_minimal_action_client:/opt/uto/pilot/examples_rclpy_guard_conditions:/opt/uto/pilot/examples_rclpy_executors:/opt/uto/pilot/demo_nodes_py:/opt/uto/pilot/action_tutorials_py:/opt/uto/pilot/ament_uncrustify:/opt/uto/pilot/tracetools_trace:/opt/uto/pilot/tracetools_read:/opt/uto/pilot/test_launch_ros:/opt/uto/pilot/sensor_msgs_py:/opt/uto/pilot/rpyutils:/opt/uto/pilot/rosidl_runtime_py:/opt/uto/pilot/rosidl_cli:/opt/uto/pilot/launch_yaml:/opt/uto/pilot/launch_xml:/opt/uto/pilot/launch_testing:/opt/uto/pilot/launch:/opt/uto/pilot/osrf_pycommon:/opt/uto/pilot/domain_coordinator:/opt/uto/pilot/ament_xmllint:/opt/uto/pilot/ament_pyflakes:/opt/uto/pilot/ament_pycodestyle:/opt/uto/pilot/ament_pep257:/opt/uto/pilot/ament_pclint:/opt/uto/pilot/ament_package:/opt/uto/pilot/ament_mypy:/opt/uto/pilot/ament_lint_cmake:/opt/uto/pilot/ament_flake8:/opt/uto/pilot/ament_copyright:/opt/uto/pilot/ament_lint:/opt/uto/pilot/ament_index_python:/opt/uto/pilot/ament_cpplint:/opt/uto/pilot/ament_cppcheck:/opt/uto/pilot/ament_clang_tidy:/opt/uto/pilot/ament_clang_format:/opt/ros/galactic /usr/bin/cmake /home/yang/project/freespace/freespace-fusion -DPROJECT_BUILD_FLAG=AIV5_ROS -DCMAKE_BUILD_TYPE=Release -DVIS_ENABLE=OFF -DLOAD_LOG_ENABLE=OFF -DCMAKE_INSTALL_PREFIX=/home/yang/project/freespace/freespace-fusion/install/uto_per_fs
[8.950s] DEBUG:colcon.colcon_core.event_handler.log_command:Invoked command in '/home/yang/project/freespace/freespace-fusion/build/uto_per_fs' returned '0': CMAKE_PREFIX_PATH=${CMAKE_PREFIX_PATH}:/opt/uto/pilot/rqt_bag_plugins:/opt/uto/pilot/rqt_bag:/opt/uto/pilot/ros2bag:/opt/uto/pilot/tracetools_launch:/opt/uto/pilot/topic_monitor:/opt/uto/pilot/tf2_tools:/opt/uto/pilot/examples_tf2_py:/opt/uto/pilot/tf2_ros_py:/opt/uto/pilot/sros2:/opt/uto/pilot/rqt_topic:/opt/uto/pilot/rqt_top:/opt/uto/pilot/rqt_srv:/opt/uto/pilot/rqt_shell:/opt/uto/pilot/rqt_service_caller:/opt/uto/pilot/rqt_reconfigure:/opt/uto/pilot/rqt_py_console:/opt/uto/pilot/rqt_publisher:/opt/uto/pilot/rqt_plot:/opt/uto/pilot/rqt_action:/opt/uto/pilot/rqt_msg:/opt/uto/pilot/rqt_console:/opt/uto/pilot/rqt:/opt/uto/pilot/rqt_graph:/opt/uto/pilot/rqt_gui_py:/opt/uto/pilot/rqt_gui:/opt/uto/pilot/ros2trace:/opt/uto/pilot/ros2topic:/opt/uto/pilot/ros2test:/opt/uto/pilot/ros2component:/opt/uto/pilot/ros2param:/opt/uto/pilot/ros2lifecycle:/opt/uto/pilot/ros2service:/opt/uto/pilot/ros2run:/opt/uto/pilot/ros2launch:/opt/uto/pilot/ros2pkg:/opt/uto/pilot/ros2node:/opt/uto/pilot/ros2multicast:/opt/uto/pilot/ros2interface:/opt/uto/pilot/ros2doctor:/opt/uto/pilot/ros2action:/opt/uto/pilot/ros2cli:/opt/uto/pilot/quality_of_service_demo_py:/opt/uto/pilot/launch_testing_ros:/opt/uto/pilot/launch_ros:/opt/uto/pilot/examples_rclpy_pointcloud_publisher:/opt/uto/pilot/examples_rclpy_minimal_subscriber:/opt/uto/pilot/examples_rclpy_minimal_service:/opt/uto/pilot/examples_rclpy_minimal_publisher:/opt/uto/pilot/examples_rclpy_minimal_client:/opt/uto/pilot/examples_rclpy_minimal_action_server:/opt/uto/pilot/examples_rclpy_minimal_action_client:/opt/uto/pilot/examples_rclpy_guard_conditions:/opt/uto/pilot/examples_rclpy_executors:/opt/uto/pilot/demo_nodes_py:/opt/uto/pilot/action_tutorials_py:/opt/uto/pilot/ament_uncrustify:/opt/uto/pilot/tracetools_trace:/opt/uto/pilot/tracetools_read:/opt/uto/pilot/test_launch_ros:/opt/uto/pilot/sensor_msgs_py:/opt/uto/pilot/rpyutils:/opt/uto/pilot/rosidl_runtime_py:/opt/uto/pilot/rosidl_cli:/opt/uto/pilot/launch_yaml:/opt/uto/pilot/launch_xml:/opt/uto/pilot/launch_testing:/opt/uto/pilot/launch:/opt/uto/pilot/osrf_pycommon:/opt/uto/pilot/domain_coordinator:/opt/uto/pilot/ament_xmllint:/opt/uto/pilot/ament_pyflakes:/opt/uto/pilot/ament_pycodestyle:/opt/uto/pilot/ament_pep257:/opt/uto/pilot/ament_pclint:/opt/uto/pilot/ament_package:/opt/uto/pilot/ament_mypy:/opt/uto/pilot/ament_lint_cmake:/opt/uto/pilot/ament_flake8:/opt/uto/pilot/ament_copyright:/opt/uto/pilot/ament_lint:/opt/uto/pilot/ament_index_python:/opt/uto/pilot/ament_cpplint:/opt/uto/pilot/ament_cppcheck:/opt/uto/pilot/ament_clang_tidy:/opt/uto/pilot/ament_clang_format:/opt/ros/galactic /usr/bin/cmake /home/yang/project/freespace/freespace-fusion -DPROJECT_BUILD_FLAG=AIV5_ROS -DCMAKE_BUILD_TYPE=Release -DVIS_ENABLE=OFF -DLOAD_LOG_ENABLE=OFF -DCMAKE_INSTALL_PREFIX=/home/yang/project/freespace/freespace-fusion/install/uto_per_fs
[8.951s] DEBUG:colcon.colcon_core.event_handler.log_command:Invoking command in '/home/yang/project/freespace/freespace-fusion/build/uto_per_fs': CMAKE_PREFIX_PATH=${CMAKE_PREFIX_PATH}:/opt/uto/pilot/rqt_bag_plugins:/opt/uto/pilot/rqt_bag:/opt/uto/pilot/ros2bag:/opt/uto/pilot/tracetools_launch:/opt/uto/pilot/topic_monitor:/opt/uto/pilot/tf2_tools:/opt/uto/pilot/examples_tf2_py:/opt/uto/pilot/tf2_ros_py:/opt/uto/pilot/sros2:/opt/uto/pilot/rqt_topic:/opt/uto/pilot/rqt_top:/opt/uto/pilot/rqt_srv:/opt/uto/pilot/rqt_shell:/opt/uto/pilot/rqt_service_caller:/opt/uto/pilot/rqt_reconfigure:/opt/uto/pilot/rqt_py_console:/opt/uto/pilot/rqt_publisher:/opt/uto/pilot/rqt_plot:/opt/uto/pilot/rqt_action:/opt/uto/pilot/rqt_msg:/opt/uto/pilot/rqt_console:/opt/uto/pilot/rqt:/opt/uto/pilot/rqt_graph:/opt/uto/pilot/rqt_gui_py:/opt/uto/pilot/rqt_gui:/opt/uto/pilot/ros2trace:/opt/uto/pilot/ros2topic:/opt/uto/pilot/ros2test:/opt/uto/pilot/ros2component:/opt/uto/pilot/ros2param:/opt/uto/pilot/ros2lifecycle:/opt/uto/pilot/ros2service:/opt/uto/pilot/ros2run:/opt/uto/pilot/ros2launch:/opt/uto/pilot/ros2pkg:/opt/uto/pilot/ros2node:/opt/uto/pilot/ros2multicast:/opt/uto/pilot/ros2interface:/opt/uto/pilot/ros2doctor:/opt/uto/pilot/ros2action:/opt/uto/pilot/ros2cli:/opt/uto/pilot/quality_of_service_demo_py:/opt/uto/pilot/launch_testing_ros:/opt/uto/pilot/launch_ros:/opt/uto/pilot/examples_rclpy_pointcloud_publisher:/opt/uto/pilot/examples_rclpy_minimal_subscriber:/opt/uto/pilot/examples_rclpy_minimal_service:/opt/uto/pilot/examples_rclpy_minimal_publisher:/opt/uto/pilot/examples_rclpy_minimal_client:/opt/uto/pilot/examples_rclpy_minimal_action_server:/opt/uto/pilot/examples_rclpy_minimal_action_client:/opt/uto/pilot/examples_rclpy_guard_conditions:/opt/uto/pilot/examples_rclpy_executors:/opt/uto/pilot/demo_nodes_py:/opt/uto/pilot/action_tutorials_py:/opt/uto/pilot/ament_uncrustify:/opt/uto/pilot/tracetools_trace:/opt/uto/pilot/tracetools_read:/opt/uto/pilot/test_launch_ros:/opt/uto/pilot/sensor_msgs_py:/opt/uto/pilot/rpyutils:/opt/uto/pilot/rosidl_runtime_py:/opt/uto/pilot/rosidl_cli:/opt/uto/pilot/launch_yaml:/opt/uto/pilot/launch_xml:/opt/uto/pilot/launch_testing:/opt/uto/pilot/launch:/opt/uto/pilot/osrf_pycommon:/opt/uto/pilot/domain_coordinator:/opt/uto/pilot/ament_xmllint:/opt/uto/pilot/ament_pyflakes:/opt/uto/pilot/ament_pycodestyle:/opt/uto/pilot/ament_pep257:/opt/uto/pilot/ament_pclint:/opt/uto/pilot/ament_package:/opt/uto/pilot/ament_mypy:/opt/uto/pilot/ament_lint_cmake:/opt/uto/pilot/ament_flake8:/opt/uto/pilot/ament_copyright:/opt/uto/pilot/ament_lint:/opt/uto/pilot/ament_index_python:/opt/uto/pilot/ament_cpplint:/opt/uto/pilot/ament_cppcheck:/opt/uto/pilot/ament_clang_tidy:/opt/uto/pilot/ament_clang_format:/opt/ros/galactic /usr/bin/cmake --build /home/yang/project/freespace/freespace-fusion/build/uto_per_fs -- -j16 -l16
[33.707s] DEBUG:colcon.colcon_core.event_handler.log_command:Invoked command in '/home/yang/project/freespace/freespace-fusion/build/uto_per_fs' returned '0': CMAKE_PREFIX_PATH=${CMAKE_PREFIX_PATH}:/opt/uto/pilot/rqt_bag_plugins:/opt/uto/pilot/rqt_bag:/opt/uto/pilot/ros2bag:/opt/uto/pilot/tracetools_launch:/opt/uto/pilot/topic_monitor:/opt/uto/pilot/tf2_tools:/opt/uto/pilot/examples_tf2_py:/opt/uto/pilot/tf2_ros_py:/opt/uto/pilot/sros2:/opt/uto/pilot/rqt_topic:/opt/uto/pilot/rqt_top:/opt/uto/pilot/rqt_srv:/opt/uto/pilot/rqt_shell:/opt/uto/pilot/rqt_service_caller:/opt/uto/pilot/rqt_reconfigure:/opt/uto/pilot/rqt_py_console:/opt/uto/pilot/rqt_publisher:/opt/uto/pilot/rqt_plot:/opt/uto/pilot/rqt_action:/opt/uto/pilot/rqt_msg:/opt/uto/pilot/rqt_console:/opt/uto/pilot/rqt:/opt/uto/pilot/rqt_graph:/opt/uto/pilot/rqt_gui_py:/opt/uto/pilot/rqt_gui:/opt/uto/pilot/ros2trace:/opt/uto/pilot/ros2topic:/opt/uto/pilot/ros2test:/opt/uto/pilot/ros2component:/opt/uto/pilot/ros2param:/opt/uto/pilot/ros2lifecycle:/opt/uto/pilot/ros2service:/opt/uto/pilot/ros2run:/opt/uto/pilot/ros2launch:/opt/uto/pilot/ros2pkg:/opt/uto/pilot/ros2node:/opt/uto/pilot/ros2multicast:/opt/uto/pilot/ros2interface:/opt/uto/pilot/ros2doctor:/opt/uto/pilot/ros2action:/opt/uto/pilot/ros2cli:/opt/uto/pilot/quality_of_service_demo_py:/opt/uto/pilot/launch_testing_ros:/opt/uto/pilot/launch_ros:/opt/uto/pilot/examples_rclpy_pointcloud_publisher:/opt/uto/pilot/examples_rclpy_minimal_subscriber:/opt/uto/pilot/examples_rclpy_minimal_service:/opt/uto/pilot/examples_rclpy_minimal_publisher:/opt/uto/pilot/examples_rclpy_minimal_client:/opt/uto/pilot/examples_rclpy_minimal_action_server:/opt/uto/pilot/examples_rclpy_minimal_action_client:/opt/uto/pilot/examples_rclpy_guard_conditions:/opt/uto/pilot/examples_rclpy_executors:/opt/uto/pilot/demo_nodes_py:/opt/uto/pilot/action_tutorials_py:/opt/uto/pilot/ament_uncrustify:/opt/uto/pilot/tracetools_trace:/opt/uto/pilot/tracetools_read:/opt/uto/pilot/test_launch_ros:/opt/uto/pilot/sensor_msgs_py:/opt/uto/pilot/rpyutils:/opt/uto/pilot/rosidl_runtime_py:/opt/uto/pilot/rosidl_cli:/opt/uto/pilot/launch_yaml:/opt/uto/pilot/launch_xml:/opt/uto/pilot/launch_testing:/opt/uto/pilot/launch:/opt/uto/pilot/osrf_pycommon:/opt/uto/pilot/domain_coordinator:/opt/uto/pilot/ament_xmllint:/opt/uto/pilot/ament_pyflakes:/opt/uto/pilot/ament_pycodestyle:/opt/uto/pilot/ament_pep257:/opt/uto/pilot/ament_pclint:/opt/uto/pilot/ament_package:/opt/uto/pilot/ament_mypy:/opt/uto/pilot/ament_lint_cmake:/opt/uto/pilot/ament_flake8:/opt/uto/pilot/ament_copyright:/opt/uto/pilot/ament_lint:/opt/uto/pilot/ament_index_python:/opt/uto/pilot/ament_cpplint:/opt/uto/pilot/ament_cppcheck:/opt/uto/pilot/ament_clang_tidy:/opt/uto/pilot/ament_clang_format:/opt/ros/galactic /usr/bin/cmake --build /home/yang/project/freespace/freespace-fusion/build/uto_per_fs -- -j16 -l16
[33.923s] DEBUG:colcon.colcon_core.event_handler.log_command:Invoking command in '/home/yang/project/freespace/freespace-fusion/build/uto_per_fs': CMAKE_PREFIX_PATH=${CMAKE_PREFIX_PATH}:/opt/uto/pilot/rqt_bag_plugins:/opt/uto/pilot/rqt_bag:/opt/uto/pilot/ros2bag:/opt/uto/pilot/tracetools_launch:/opt/uto/pilot/topic_monitor:/opt/uto/pilot/tf2_tools:/opt/uto/pilot/examples_tf2_py:/opt/uto/pilot/tf2_ros_py:/opt/uto/pilot/sros2:/opt/uto/pilot/rqt_topic:/opt/uto/pilot/rqt_top:/opt/uto/pilot/rqt_srv:/opt/uto/pilot/rqt_shell:/opt/uto/pilot/rqt_service_caller:/opt/uto/pilot/rqt_reconfigure:/opt/uto/pilot/rqt_py_console:/opt/uto/pilot/rqt_publisher:/opt/uto/pilot/rqt_plot:/opt/uto/pilot/rqt_action:/opt/uto/pilot/rqt_msg:/opt/uto/pilot/rqt_console:/opt/uto/pilot/rqt:/opt/uto/pilot/rqt_graph:/opt/uto/pilot/rqt_gui_py:/opt/uto/pilot/rqt_gui:/opt/uto/pilot/ros2trace:/opt/uto/pilot/ros2topic:/opt/uto/pilot/ros2test:/opt/uto/pilot/ros2component:/opt/uto/pilot/ros2param:/opt/uto/pilot/ros2lifecycle:/opt/uto/pilot/ros2service:/opt/uto/pilot/ros2run:/opt/uto/pilot/ros2launch:/opt/uto/pilot/ros2pkg:/opt/uto/pilot/ros2node:/opt/uto/pilot/ros2multicast:/opt/uto/pilot/ros2interface:/opt/uto/pilot/ros2doctor:/opt/uto/pilot/ros2action:/opt/uto/pilot/ros2cli:/opt/uto/pilot/quality_of_service_demo_py:/opt/uto/pilot/launch_testing_ros:/opt/uto/pilot/launch_ros:/opt/uto/pilot/examples_rclpy_pointcloud_publisher:/opt/uto/pilot/examples_rclpy_minimal_subscriber:/opt/uto/pilot/examples_rclpy_minimal_service:/opt/uto/pilot/examples_rclpy_minimal_publisher:/opt/uto/pilot/examples_rclpy_minimal_client:/opt/uto/pilot/examples_rclpy_minimal_action_server:/opt/uto/pilot/examples_rclpy_minimal_action_client:/opt/uto/pilot/examples_rclpy_guard_conditions:/opt/uto/pilot/examples_rclpy_executors:/opt/uto/pilot/demo_nodes_py:/opt/uto/pilot/action_tutorials_py:/opt/uto/pilot/ament_uncrustify:/opt/uto/pilot/tracetools_trace:/opt/uto/pilot/tracetools_read:/opt/uto/pilot/test_launch_ros:/opt/uto/pilot/sensor_msgs_py:/opt/uto/pilot/rpyutils:/opt/uto/pilot/rosidl_runtime_py:/opt/uto/pilot/rosidl_cli:/opt/uto/pilot/launch_yaml:/opt/uto/pilot/launch_xml:/opt/uto/pilot/launch_testing:/opt/uto/pilot/launch:/opt/uto/pilot/osrf_pycommon:/opt/uto/pilot/domain_coordinator:/opt/uto/pilot/ament_xmllint:/opt/uto/pilot/ament_pyflakes:/opt/uto/pilot/ament_pycodestyle:/opt/uto/pilot/ament_pep257:/opt/uto/pilot/ament_pclint:/opt/uto/pilot/ament_package:/opt/uto/pilot/ament_mypy:/opt/uto/pilot/ament_lint_cmake:/opt/uto/pilot/ament_flake8:/opt/uto/pilot/ament_copyright:/opt/uto/pilot/ament_lint:/opt/uto/pilot/ament_index_python:/opt/uto/pilot/ament_cpplint:/opt/uto/pilot/ament_cppcheck:/opt/uto/pilot/ament_clang_tidy:/opt/uto/pilot/ament_clang_format:/opt/ros/galactic /usr/bin/cmake --install /home/yang/project/freespace/freespace-fusion/build/uto_per_fs
[33.951s] Level 1:colcon.colcon_core.environment:create_environment_scripts_only(uto_per_fs)
[33.951s] DEBUG:colcon.colcon_core.event_handler.log_command:Invoked command in '/home/yang/project/freespace/freespace-fusion/build/uto_per_fs' returned '0': CMAKE_PREFIX_PATH=${CMAKE_PREFIX_PATH}:/opt/uto/pilot/rqt_bag_plugins:/opt/uto/pilot/rqt_bag:/opt/uto/pilot/ros2bag:/opt/uto/pilot/tracetools_launch:/opt/uto/pilot/topic_monitor:/opt/uto/pilot/tf2_tools:/opt/uto/pilot/examples_tf2_py:/opt/uto/pilot/tf2_ros_py:/opt/uto/pilot/sros2:/opt/uto/pilot/rqt_topic:/opt/uto/pilot/rqt_top:/opt/uto/pilot/rqt_srv:/opt/uto/pilot/rqt_shell:/opt/uto/pilot/rqt_service_caller:/opt/uto/pilot/rqt_reconfigure:/opt/uto/pilot/rqt_py_console:/opt/uto/pilot/rqt_publisher:/opt/uto/pilot/rqt_plot:/opt/uto/pilot/rqt_action:/opt/uto/pilot/rqt_msg:/opt/uto/pilot/rqt_console:/opt/uto/pilot/rqt:/opt/uto/pilot/rqt_graph:/opt/uto/pilot/rqt_gui_py:/opt/uto/pilot/rqt_gui:/opt/uto/pilot/ros2trace:/opt/uto/pilot/ros2topic:/opt/uto/pilot/ros2test:/opt/uto/pilot/ros2component:/opt/uto/pilot/ros2param:/opt/uto/pilot/ros2lifecycle:/opt/uto/pilot/ros2service:/opt/uto/pilot/ros2run:/opt/uto/pilot/ros2launch:/opt/uto/pilot/ros2pkg:/opt/uto/pilot/ros2node:/opt/uto/pilot/ros2multicast:/opt/uto/pilot/ros2interface:/opt/uto/pilot/ros2doctor:/opt/uto/pilot/ros2action:/opt/uto/pilot/ros2cli:/opt/uto/pilot/quality_of_service_demo_py:/opt/uto/pilot/launch_testing_ros:/opt/uto/pilot/launch_ros:/opt/uto/pilot/examples_rclpy_pointcloud_publisher:/opt/uto/pilot/examples_rclpy_minimal_subscriber:/opt/uto/pilot/examples_rclpy_minimal_service:/opt/uto/pilot/examples_rclpy_minimal_publisher:/opt/uto/pilot/examples_rclpy_minimal_client:/opt/uto/pilot/examples_rclpy_minimal_action_server:/opt/uto/pilot/examples_rclpy_minimal_action_client:/opt/uto/pilot/examples_rclpy_guard_conditions:/opt/uto/pilot/examples_rclpy_executors:/opt/uto/pilot/demo_nodes_py:/opt/uto/pilot/action_tutorials_py:/opt/uto/pilot/ament_uncrustify:/opt/uto/pilot/tracetools_trace:/opt/uto/pilot/tracetools_read:/opt/uto/pilot/test_launch_ros:/opt/uto/pilot/sensor_msgs_py:/opt/uto/pilot/rpyutils:/opt/uto/pilot/rosidl_runtime_py:/opt/uto/pilot/rosidl_cli:/opt/uto/pilot/launch_yaml:/opt/uto/pilot/launch_xml:/opt/uto/pilot/launch_testing:/opt/uto/pilot/launch:/opt/uto/pilot/osrf_pycommon:/opt/uto/pilot/domain_coordinator:/opt/uto/pilot/ament_xmllint:/opt/uto/pilot/ament_pyflakes:/opt/uto/pilot/ament_pycodestyle:/opt/uto/pilot/ament_pep257:/opt/uto/pilot/ament_pclint:/opt/uto/pilot/ament_package:/opt/uto/pilot/ament_mypy:/opt/uto/pilot/ament_lint_cmake:/opt/uto/pilot/ament_flake8:/opt/uto/pilot/ament_copyright:/opt/uto/pilot/ament_lint:/opt/uto/pilot/ament_index_python:/opt/uto/pilot/ament_cpplint:/opt/uto/pilot/ament_cppcheck:/opt/uto/pilot/ament_clang_tidy:/opt/uto/pilot/ament_clang_format:/opt/ros/galactic /usr/bin/cmake --install /home/yang/project/freespace/freespace-fusion/build/uto_per_fs
[34.004s] Level 1:colcon.colcon_core.environment:checking '/home/yang/project/freespace/freespace-fusion/install/uto_per_fs' for CMake module files
[34.005s] Level 1:colcon.colcon_core.environment:checking '/home/yang/project/freespace/freespace-fusion/install/uto_per_fs' for CMake config files
[34.005s] Level 1:colcon.colcon_core.shell:create_environment_hook('uto_per_fs', 'cmake_prefix_path')
[34.056s] INFO:colcon.colcon_core.shell:Creating environment hook '/home/yang/project/freespace/freespace-fusion/install/uto_per_fs/share/uto_per_fs/hook/cmake_prefix_path.ps1'
[34.057s] INFO:colcon.colcon_core.shell:Creating environment descriptor '/home/yang/project/freespace/freespace-fusion/install/uto_per_fs/share/uto_per_fs/hook/cmake_prefix_path.dsv'
[34.057s] INFO:colcon.colcon_core.shell:Creating environment hook '/home/yang/project/freespace/freespace-fusion/install/uto_per_fs/share/uto_per_fs/hook/cmake_prefix_path.sh'
[34.058s] Level 1:colcon.colcon_core.environment:checking '/home/yang/project/freespace/freespace-fusion/install/uto_per_fs/lib'
[34.058s] Level 1:colcon.colcon_core.environment:checking '/home/yang/project/freespace/freespace-fusion/install/uto_per_fs/bin'
[34.058s] Level 1:colcon.colcon_core.environment:checking '/home/yang/project/freespace/freespace-fusion/install/uto_per_fs/lib/pkgconfig/uto_per_fs.pc'
[34.058s] Level 1:colcon.colcon_core.environment:checking '/home/yang/project/freespace/freespace-fusion/install/uto_per_fs/lib/python3.8/site-packages'
[34.059s] Level 1:colcon.colcon_core.environment:checking '/home/yang/project/freespace/freespace-fusion/install/uto_per_fs/bin'
[34.106s] INFO:colcon.colcon_core.shell:Creating package script '/home/yang/project/freespace/freespace-fusion/install/uto_per_fs/share/uto_per_fs/package.ps1'
[34.106s] INFO:colcon.colcon_core.shell:Creating package descriptor '/home/yang/project/freespace/freespace-fusion/install/uto_per_fs/share/uto_per_fs/package.dsv'
[34.107s] INFO:colcon.colcon_core.shell:Creating package script '/home/yang/project/freespace/freespace-fusion/install/uto_per_fs/share/uto_per_fs/package.sh'
[34.107s] INFO:colcon.colcon_core.shell:Creating package script '/home/yang/project/freespace/freespace-fusion/install/uto_per_fs/share/uto_per_fs/package.bash'
[34.108s] INFO:colcon.colcon_core.shell:Creating package script '/home/yang/project/freespace/freespace-fusion/install/uto_per_fs/share/uto_per_fs/package.zsh'
[34.108s] Level 1:colcon.colcon_core.environment:create_file_with_runtime_dependencies(/home/yang/project/freespace/freespace-fusion/install/uto_per_fs/share/colcon-core/packages/uto_per_fs)
[34.341s] Level 1:colcon.colcon_core.environment:create_environment_scripts_only(uto_per_fs)
[34.391s] Level 1:colcon.colcon_core.environment:checking '/home/yang/project/freespace/freespace-fusion/install/uto_per_fs' for CMake module files
[34.391s] Level 1:colcon.colcon_core.environment:checking '/home/yang/project/freespace/freespace-fusion/install/uto_per_fs' for CMake config files
[34.392s] Level 1:colcon.colcon_core.shell:create_environment_hook('uto_per_fs', 'cmake_prefix_path')
[34.440s] INFO:colcon.colcon_core.shell:Creating environment hook '/home/yang/project/freespace/freespace-fusion/install/uto_per_fs/share/uto_per_fs/hook/cmake_prefix_path.ps1'
[34.441s] INFO:colcon.colcon_core.shell:Creating environment descriptor '/home/yang/project/freespace/freespace-fusion/install/uto_per_fs/share/uto_per_fs/hook/cmake_prefix_path.dsv'
[34.441s] INFO:colcon.colcon_core.shell:Creating environment hook '/home/yang/project/freespace/freespace-fusion/install/uto_per_fs/share/uto_per_fs/hook/cmake_prefix_path.sh'
[34.441s] Level 1:colcon.colcon_core.environment:checking '/home/yang/project/freespace/freespace-fusion/install/uto_per_fs/lib'
[34.441s] Level 1:colcon.colcon_core.environment:checking '/home/yang/project/freespace/freespace-fusion/install/uto_per_fs/bin'
[34.442s] Level 1:colcon.colcon_core.environment:checking '/home/yang/project/freespace/freespace-fusion/install/uto_per_fs/lib/pkgconfig/uto_per_fs.pc'
[34.442s] Level 1:colcon.colcon_core.environment:checking '/home/yang/project/freespace/freespace-fusion/install/uto_per_fs/lib/python3.8/site-packages'
[34.442s] Level 1:colcon.colcon_core.environment:checking '/home/yang/project/freespace/freespace-fusion/install/uto_per_fs/bin'
[34.490s] INFO:colcon.colcon_core.shell:Creating package script '/home/yang/project/freespace/freespace-fusion/install/uto_per_fs/share/uto_per_fs/package.ps1'
[34.490s] INFO:colcon.colcon_core.shell:Creating package descriptor '/home/yang/project/freespace/freespace-fusion/install/uto_per_fs/share/uto_per_fs/package.dsv'
[34.491s] INFO:colcon.colcon_core.shell:Creating package script '/home/yang/project/freespace/freespace-fusion/install/uto_per_fs/share/uto_per_fs/package.sh'
[34.491s] INFO:colcon.colcon_core.shell:Creating package script '/home/yang/project/freespace/freespace-fusion/install/uto_per_fs/share/uto_per_fs/package.bash'
[34.491s] INFO:colcon.colcon_core.shell:Creating package script '/home/yang/project/freespace/freespace-fusion/install/uto_per_fs/share/uto_per_fs/package.zsh'
[34.492s] Level 1:colcon.colcon_core.environment:create_file_with_runtime_dependencies(/home/yang/project/freespace/freespace-fusion/install/uto_per_fs/share/colcon-core/packages/uto_per_fs)
[34.492s] DEBUG:colcon.colcon_parallel_executor.executor.parallel:closing loop
[34.492s] DEBUG:colcon.colcon_parallel_executor.executor.parallel:loop closed
[34.493s] DEBUG:colcon.colcon_parallel_executor.executor.parallel:run_until_complete finished with '0'
[34.493s] DEBUG:colcon.colcon_core.event_reactor:joining thread
[34.601s] INFO:colcon.colcon_core.plugin_system:Skipping extension 'colcon_notification.desktop_notification.terminal_notifier': Not used on non-Darwin systems
[34.602s] INFO:colcon.colcon_core.plugin_system:Skipping extension 'colcon_notification.desktop_notification.win32': Not used on non-Windows systems
[34.602s] INFO:colcon.colcon_notification.desktop_notification:Sending desktop notification using 'notify2'
[34.612s] DEBUG:colcon.colcon_core.event_reactor:joined thread
[34.668s] INFO:colcon.colcon_core.shell:Creating prefix script '/home/yang/project/freespace/freespace-fusion/install/local_setup.ps1'
[34.669s] INFO:colcon.colcon_core.shell:Creating prefix util module '/home/yang/project/freespace/freespace-fusion/install/_local_setup_util_ps1.py'
[34.669s] INFO:colcon.colcon_core.shell:Creating prefix chain script '/home/yang/project/freespace/freespace-fusion/install/setup.ps1'
[34.722s] INFO:colcon.colcon_core.shell:Creating prefix script '/home/yang/project/freespace/freespace-fusion/install/local_setup.sh'
[34.722s] INFO:colcon.colcon_core.shell:Creating prefix util module '/home/yang/project/freespace/freespace-fusion/install/_local_setup_util_sh.py'
[34.722s] INFO:colcon.colcon_core.shell:Creating prefix chain script '/home/yang/project/freespace/freespace-fusion/install/setup.sh'
[34.774s] INFO:colcon.colcon_core.shell:Creating prefix script '/home/yang/project/freespace/freespace-fusion/install/local_setup.bash'
[34.774s] INFO:colcon.colcon_core.shell:Creating prefix chain script '/home/yang/project/freespace/freespace-fusion/install/setup.bash'
[34.832s] INFO:colcon.colcon_core.shell:Creating prefix script '/home/yang/project/freespace/freespace-fusion/install/local_setup.zsh'
[34.832s] INFO:colcon.colcon_core.shell:Creating prefix chain script '/home/yang/project/freespace/freespace-fusion/install/setup.zsh'
